[ 2015-04-07T14:15:15+08:00 ] 127.0.0.1 /index.php/Admin/Public/login
INFO: [ app_init ] --START--
INFO: Run Behavior\BuildLiteBehavior [ RunTime:0.000015s ]
INFO: [ app_init ] --END-- [ RunTime:0.000081s ]
INFO: [ app_begin ] --START--
INFO: Run Behavior\ReadHtmlCacheBehavior [ RunTime:0.000712s ]
INFO: [ app_begin ] --END-- [ RunTime:0.000793s ]
INFO: [ view_parse ] --START--
INFO: [ template_filter ] --START--
INFO: Run Behavior\ContentReplaceBehavior [ RunTime:0.000048s ]
INFO: [ template_filter ] --END-- [ RunTime:0.000102s ]
INFO: Run Behavior\ParseTemplateBehavior [ RunTime:0.006494s ]
INFO: [ view_parse ] --END-- [ RunTime:0.006547s ]
INFO: [ view_filter ] --START--
INFO: Run Behavior\WriteHtmlCacheBehavior [ RunTime:0.000364s ]
INFO: [ view_filter ] --END-- [ RunTime:0.000410s ]
INFO: [ app_end ] --START--
INFO: Run Behavior\ShowPageTraceBehavior [ RunTime:0.000616s ]
INFO: [ app_end ] --END-- [ RunTime:0.000669s ]

[ 2015-04-07T14:15:15+08:00 ] 127.0.0.1 /index.php/Admin/Public/verify
INFO: [ app_init ] --START--
INFO: Run Behavior\BuildLiteBehavior [ RunTime:0.000020s ]
INFO: [ app_init ] --END-- [ RunTime:0.000505s ]
INFO: [ app_begin ] --START--
INFO: Run Behavior\ReadHtmlCacheBehavior [ RunTime:0.001327s ]
INFO: [ app_begin ] --END-- [ RunTime:0.001443s ]
INFO: [ app_end ] --START--
INFO: Run Behavior\ShowPageTraceBehavior [ RunTime:0.000831s ]
INFO: [ app_end ] --END-- [ RunTime:0.000951s ]

[ 2015-04-07T14:15:15+08:00 ] 127.0.0.1 /index.php/Admin/Public/login
INFO: [ app_init ] --START--
INFO: Run Behavior\BuildLiteBehavior [ RunTime:0.000014s ]
INFO: [ app_init ] --END-- [ RunTime:0.000389s ]
INFO: [ app_begin ] --START--
INFO: Run Behavior\ReadHtmlCacheBehavior [ RunTime:0.000494s ]
INFO: [ app_begin ] --END-- [ RunTime:0.000547s ]
INFO: [ view_parse ] --START--
INFO: [ template_filter ] --START--
INFO: Run Behavior\ContentReplaceBehavior [ RunTime:0.000047s ]
INFO: [ template_filter ] --END-- [ RunTime:0.000106s ]
INFO: Run Behavior\ParseTemplateBehavior [ RunTime:0.006139s ]
INFO: [ view_parse ] --END-- [ RunTime:0.006194s ]
INFO: [ view_filter ] --START--
INFO: Run Behavior\WriteHtmlCacheBehavior [ RunTime:0.000355s ]
INFO: [ view_filter ] --END-- [ RunTime:0.000399s ]
INFO: [ app_end ] --START--
INFO: Run Behavior\ShowPageTraceBehavior [ RunTime:0.000515s ]
INFO: [ app_end ] --END-- [ RunTime:0.000562s ]

[ 2015-04-07T14:15:15+08:00 ] 127.0.0.1 /index.php/Admin/Public/verify
INFO: [ app_init ] --START--
INFO: Run Behavior\BuildLiteBehavior [ RunTime:0.000016s ]
INFO: [ app_init ] --END-- [ RunTime:0.000467s ]
INFO: [ app_begin ] --START--
INFO: Run Behavior\ReadHtmlCacheBehavior [ RunTime:0.000529s ]
INFO: [ app_begin ] --END-- [ RunTime:0.000585s ]
INFO: [ app_end ] --START--
INFO: Run Behavior\ShowPageTraceBehavior [ RunTime:0.000973s ]
INFO: [ app_end ] --END-- [ RunTime:0.001111s ]

[ 2015-04-07T14:15:29+08:00 ] 127.0.0.1 /index.php/Admin/Public/login
INFO: [ app_init ] --START--
INFO: Run Behavior\BuildLiteBehavior [ RunTime:0.000014s ]
INFO: [ app_init ] --END-- [ RunTime:0.000433s ]
INFO: [ app_begin ] --START--
INFO: Run Behavior\ReadHtmlCacheBehavior [ RunTime:0.000666s ]
INFO: [ app_begin ] --END-- [ RunTime:0.000720s ]
INFO: [ view_parse ] --START--
INFO: [ template_filter ] --START--
INFO: Run Behavior\ContentReplaceBehavior [ RunTime:0.000048s ]
INFO: [ template_filter ] --END-- [ RunTime:0.000105s ]
INFO: Run Behavior\ParseTemplateBehavior [ RunTime:0.006406s ]
INFO: [ view_parse ] --END-- [ RunTime:0.006458s ]
INFO: [ view_filter ] --START--
INFO: Run Behavior\WriteHtmlCacheBehavior [ RunTime:0.000368s ]
INFO: [ view_filter ] --END-- [ RunTime:0.000412s ]
INFO: [ app_end ] --START--
INFO: Run Behavior\ShowPageTraceBehavior [ RunTime:0.000611s ]
INFO: [ app_end ] --END-- [ RunTime:0.000657s ]

[ 2015-04-07T14:15:29+08:00 ] 127.0.0.1 /index.php/Admin/Public/verify
INFO: [ app_init ] --START--
INFO: Run Behavior\BuildLiteBehavior [ RunTime:0.000023s ]
INFO: [ app_init ] --END-- [ RunTime:0.000596s ]
INFO: [ app_begin ] --START--
INFO: Run Behavior\ReadHtmlCacheBehavior [ RunTime:0.000694s ]
INFO: [ app_begin ] --END-- [ RunTime:0.000783s ]
INFO: [ app_end ] --START--
INFO: Run Behavior\ShowPageTraceBehavior [ RunTime:0.000734s ]
INFO: [ app_end ] --END-- [ RunTime:0.000848s ]

[ 2015-04-07T14:15:44+08:00 ] 127.0.0.1 /index.php/Admin/Public/login
INFO: [ app_init ] --START--
INFO: Run Behavior\BuildLiteBehavior [ RunTime:0.000014s ]
INFO: [ app_init ] --END-- [ RunTime:0.000378s ]
INFO: [ app_begin ] --START--
INFO: Run Behavior\ReadHtmlCacheBehavior [ RunTime:0.000500s ]
INFO: [ app_begin ] --END-- [ RunTime:0.000555s ]
INFO: [ view_parse ] --START--
INFO: [ template_filter ] --START--
INFO: Run Behavior\ContentReplaceBehavior [ RunTime:0.000049s ]
INFO: [ template_filter ] --END-- [ RunTime:0.000114s ]
INFO: Run Behavior\ParseTemplateBehavior [ RunTime:0.010553s ]
INFO: [ view_parse ] --END-- [ RunTime:0.010610s ]
INFO: [ view_filter ] --START--
INFO: Run Behavior\WriteHtmlCacheBehavior [ RunTime:0.000360s ]
INFO: [ view_filter ] --END-- [ RunTime:0.000405s ]
INFO: [ app_end ] --START--
INFO: Run Behavior\ShowPageTraceBehavior [ RunTime:0.000545s ]
INFO: [ app_end ] --END-- [ RunTime:0.000593s ]

[ 2015-04-07T14:15:44+08:00 ] 127.0.0.1 /index.php/Admin/Public/verify
INFO: [ app_init ] --START--
INFO: Run Behavior\BuildLiteBehavior [ RunTime:0.000018s ]
INFO: [ app_init ] --END-- [ RunTime:0.000550s ]
INFO: [ app_begin ] --START--
INFO: Run Behavior\ReadHtmlCacheBehavior [ RunTime:0.000709s ]
INFO: [ app_begin ] --END-- [ RunTime:0.000767s ]
INFO: [ app_end ] --START--
INFO: Run Behavior\ShowPageTraceBehavior [ RunTime:0.000735s ]
INFO: [ app_end ] --END-- [ RunTime:0.000826s ]

[ 2015-04-07T14:15:49+08:00 ] 127.0.0.1 /index.php/Admin/Public/checkLogin/
INFO: [ app_init ] --START--
INFO: Run Behavior\BuildLiteBehavior [ RunTime:0.000014s ]
INFO: [ app_init ] --END-- [ RunTime:0.000411s ]
INFO: [ app_begin ] --START--
INFO: Run Behavior\ReadHtmlCacheBehavior [ RunTime:0.000577s ]
INFO: [ app_begin ] --END-- [ RunTime:0.000663s ]
SQL: SHOW COLUMNS FROM `m_admin` [ RunTime:0.0067s ]
SQL: SELECT * FROM `m_admin` WHERE `phone` = '123456' AND `is_lock` = 1 LIMIT 1   [ RunTime:0.0006s ]
NOTIC: [8] Undefined index: job D:\www\mythinkphp\Application\Admin\Controller\PublicController.class.php 第 78 行.
SQL: SHOW COLUMNS FROM `m_admin` [ RunTime:0.0064s ]
SQL: UPDATE `m_admin` SET `login_time`='1428387349',`login_count`=login_count+1,`login_ip`='2130706433' WHERE `id` = 1 [ RunTime:0.0327s ]
NOTIC: [8] Undefined property: Think\Db\Driver\Mysql::$isTrans D:\www\mythinkphp\ThinkPHP\Library\Think\CommonController.class.php 第 590 行.
NOTIC: [8] Use of undefined constant __URL__ - assumed '__URL__' D:\www\mythinkphp\ThinkPHP\Library\Think\CommonController.class.php 第 591 行.
SQL: SHOW COLUMNS FROM `m_admin_module` [ RunTime:0.0066s ]
SQL: SELECT `id`,`name`,`title`,`pid`,`is_view`,`o_level` FROM `m_admin_module` WHERE ( status=1 ) ORDER BY sort DESC,id ASC  [ RunTime:0.0006s ]

[ 2015-04-07T14:15:49+08:00 ] 127.0.0.1 /index.php/Admin/Index
INFO: [ app_init ] --START--
INFO: Run Behavior\BuildLiteBehavior [ RunTime:0.000013s ]
INFO: [ app_init ] --END-- [ RunTime:0.000412s ]
INFO: [ app_begin ] --START--
INFO: Run Behavior\ReadHtmlCacheBehavior [ RunTime:0.000495s ]
INFO: [ app_begin ] --END-- [ RunTime:0.000550s ]
INFO: [ view_parse ] --START--
INFO: [ template_filter ] --START--
INFO: Run Behavior\ContentReplaceBehavior [ RunTime:0.000097s ]
INFO: [ template_filter ] --END-- [ RunTime:0.000155s ]
INFO: Run Behavior\ParseTemplateBehavior [ RunTime:0.011057s ]
INFO: [ view_parse ] --END-- [ RunTime:0.011114s ]
INFO: [ view_filter ] --START--
INFO: Run Behavior\WriteHtmlCacheBehavior [ RunTime:0.000360s ]
INFO: [ view_filter ] --END-- [ RunTime:0.000406s ]
INFO: [ app_end ] --START--
INFO: Run Behavior\ShowPageTraceBehavior [ RunTime:0.000599s ]
INFO: [ app_end ] --END-- [ RunTime:0.000650s ]

[ 2015-04-07T14:15:59+08:00 ] 127.0.0.1 /index.php/Admin/Module/index
INFO: [ app_init ] --START--
INFO: Run Behavior\BuildLiteBehavior [ RunTime:0.000014s ]
INFO: [ app_init ] --END-- [ RunTime:0.000390s ]
INFO: [ app_begin ] --START--
INFO: Run Behavior\ReadHtmlCacheBehavior [ RunTime:0.000559s ]
INFO: [ app_begin ] --END-- [ RunTime:0.000615s ]
NOTIC: [2048] Declaration of Admin\Controller\ModuleController::edit() should be compatible with that of Think\CommonController::edit() D:\www\mythinkphp\Application\Admin\Controller\ModuleController.class.php 第 8 行.
SQL: SHOW COLUMNS FROM `m_admin_module` [ RunTime:0.0066s ]
NOTIC: [8] Undefined offset: 0 D:\www\mythinkphp\ThinkPHP\Library\Think\CommonController.class.php 第 274 行.
NOTIC: [8] Undefined variable: having D:\www\mythinkphp\ThinkPHP\Library\Think\CommonController.class.php 第 282 行.
SQL: SELECT COUNT(*) AS tp_count FROM `m_admin_module` LIMIT 1   [ RunTime:0.0003s ]
SQL: SELECT * FROM `m_admin_module` WHERE ( 1=1 ) LIMIT 0,300   [ RunTime:0.0005s ]
INFO: [ view_parse ] --START--
INFO: [ template_filter ] --START--
INFO: Run Behavior\ContentReplaceBehavior [ RunTime:0.000086s ]
INFO: [ template_filter ] --END-- [ RunTime:0.000149s ]
NOTIC: [8] Undefined index: keyword D:\www\mythinkphp\Application\Runtime\Cache\Admin\a8f2d3e57319e1a26aecfa3d8255aac1.php 第 81 行.
INFO: Run Behavior\ParseTemplateBehavior [ RunTime:0.010162s ]
INFO: [ view_parse ] --END-- [ RunTime:0.010216s ]
INFO: [ view_filter ] --START--
INFO: Run Behavior\WriteHtmlCacheBehavior [ RunTime:0.000299s ]
INFO: [ view_filter ] --END-- [ RunTime:0.000344s ]
INFO: [ app_end ] --START--
INFO: Run Behavior\ShowPageTraceBehavior [ RunTime:0.000616s ]
INFO: [ app_end ] --END-- [ RunTime:0.000686s ]

[ 2015-04-07T14:16:00+08:00 ] 127.0.0.1 /index.php/Admin/Basic/index
INFO: [ app_init ] --START--
INFO: Run Behavior\BuildLiteBehavior [ RunTime:0.000036s ]
INFO: [ app_init ] --END-- [ RunTime:0.000593s ]
INFO: [ app_begin ] --START--
INFO: Run Behavior\ReadHtmlCacheBehavior [ RunTime:0.000575s ]
INFO: [ app_begin ] --END-- [ RunTime:0.000652s ]
SQL: SHOW COLUMNS FROM `m_role` [ RunTime:0.0070s ]
NOTIC: [8] Undefined offset: 0 D:\www\mythinkphp\ThinkPHP\Library\Think\CommonController.class.php 第 274 行.
NOTIC: [8] Undefined variable: having D:\www\mythinkphp\ThinkPHP\Library\Think\CommonController.class.php 第 282 行.
SQL: SELECT COUNT(*) AS tp_count FROM `m_role` LIMIT 1   [ RunTime:0.0004s ]
SQL: SELECT `name`,`id`,`duty` FROM `m_role` WHERE ( 1=1 ) LIMIT 0,30   [ RunTime:0.0004s ]
INFO: [ view_parse ] --START--
INFO: [ template_filter ] --START--
INFO: Run Behavior\ContentReplaceBehavior [ RunTime:0.000080s ]
INFO: [ template_filter ] --END-- [ RunTime:0.000142s ]
NOTIC: [8] Undefined index: keyword D:\www\mythinkphp\Application\Runtime\Cache\Admin\bb97361d9e4731aec48331de29e1c4d1.php 第 80 行.
NOTIC: [8] Undefined index: status D:\www\mythinkphp\Application\Runtime\Cache\Admin\bb97361d9e4731aec48331de29e1c4d1.php 第 105 行.
NOTIC: [8] Undefined index: status D:\www\mythinkphp\Application\Runtime\Cache\Admin\bb97361d9e4731aec48331de29e1c4d1.php 第 105 行.
NOTIC: [8] Undefined index: status D:\www\mythinkphp\Application\Runtime\Cache\Admin\bb97361d9e4731aec48331de29e1c4d1.php 第 105 行.
NOTIC: [8] Undefined index: status D:\www\mythinkphp\Application\Runtime\Cache\Admin\bb97361d9e4731aec48331de29e1c4d1.php 第 105 行.
NOTIC: [8] Undefined index: status D:\www\mythinkphp\Application\Runtime\Cache\Admin\bb97361d9e4731aec48331de29e1c4d1.php 第 105 行.
NOTIC: [8] Undefined index: status D:\www\mythinkphp\Application\Runtime\Cache\Admin\bb97361d9e4731aec48331de29e1c4d1.php 第 105 行.
NOTIC: [8] Undefined index: status D:\www\mythinkphp\Application\Runtime\Cache\Admin\bb97361d9e4731aec48331de29e1c4d1.php 第 105 行.
INFO: Run Behavior\ParseTemplateBehavior [ RunTime:0.009656s ]
INFO: [ view_parse ] --END-- [ RunTime:0.009736s ]
INFO: [ view_filter ] --START--
INFO: Run Behavior\WriteHtmlCacheBehavior [ RunTime:0.000296s ]
INFO: [ view_filter ] --END-- [ RunTime:0.000340s ]
INFO: [ app_end ] --START--
INFO: Run Behavior\ShowPageTraceBehavior [ RunTime:0.000532s ]
INFO: [ app_end ] --END-- [ RunTime:0.000584s ]

[ 2015-04-07T14:16:05+08:00 ] 127.0.0.1 /index.php/Admin/Basic/admin_list
INFO: [ app_init ] --START--
INFO: Run Behavior\BuildLiteBehavior [ RunTime:0.000013s ]
INFO: [ app_init ] --END-- [ RunTime:0.000387s ]
INFO: [ app_begin ] --START--
INFO: Run Behavior\ReadHtmlCacheBehavior [ RunTime:0.000506s ]
INFO: [ app_begin ] --END-- [ RunTime:0.000562s ]
SQL: SHOW COLUMNS FROM `m_admin` [ RunTime:0.0069s ]
NOTIC: [8] Undefined offset: 0 D:\www\mythinkphp\ThinkPHP\Library\Think\CommonController.class.php 第 274 行.
NOTIC: [8] Undefined variable: having D:\www\mythinkphp\ThinkPHP\Library\Think\CommonController.class.php 第 282 行.
SQL: SELECT COUNT(*) AS tp_count FROM `m_admin` LIMIT 1   [ RunTime:0.0004s ]
SQL: SELECT * FROM `m_admin` WHERE ( is_admin=0 ) LIMIT 0,30   [ RunTime:0.0005s ]
INFO: [ view_parse ] --START--
INFO: [ template_filter ] --START--
INFO: Run Behavior\ContentReplaceBehavior [ RunTime:0.000081s ]
INFO: [ template_filter ] --END-- [ RunTime:0.000163s ]
NOTIC: [8] Undefined index: keyword D:\www\mythinkphp\Application\Runtime\Cache\Admin\2965c52baf7560935039492572643ef2.php 第 80 行.
INFO: Run Behavior\ParseTemplateBehavior [ RunTime:0.009494s ]
INFO: [ view_parse ] --END-- [ RunTime:0.009606s ]
INFO: [ view_filter ] --START--
INFO: Run Behavior\WriteHtmlCacheBehavior [ RunTime:0.000288s ]
INFO: [ view_filter ] --END-- [ RunTime:0.000332s ]
INFO: [ view_parse ] --START--
INFO: [ template_filter ] --START--
INFO: Run Behavior\ContentReplaceBehavior [ RunTime:0.000079s ]
INFO: [ template_filter ] --END-- [ RunTime:-0.006145s ]
NOTIC: [8] Undefined index: keyword D:\www\mythinkphp\Application\Runtime\Cache\Admin\2965c52baf7560935039492572643ef2.php 第 80 行.
INFO: Run Behavior\ParseTemplateBehavior [ RunTime:0.005422s ]
INFO: [ view_parse ] --END-- [ RunTime:-0.000515s ]
INFO: [ view_filter ] --START--
INFO: Run Behavior\WriteHtmlCacheBehavior [ RunTime:0.000011s ]
INFO: [ view_filter ] --END-- [ RunTime:-0.005651s ]
NOTIC: [2] Cannot modify header information - headers already sent by (output started at D:\www\mythinkphp\ThinkPHP\Library\Think\View.class.php:95) D:\www\mythinkphp\ThinkPHP\Library\Think\View.class.php 第 91 行.
NOTIC: [2] Cannot modify header information - headers already sent by (output started at D:\www\mythinkphp\ThinkPHP\Library\Think\View.class.php:95) D:\www\mythinkphp\ThinkPHP\Library\Think\View.class.php 第 92 行.
NOTIC: [2] Cannot modify header information - headers already sent by (output started at D:\www\mythinkphp\ThinkPHP\Library\Think\View.class.php:95) D:\www\mythinkphp\ThinkPHP\Library\Think\View.class.php 第 93 行.
INFO: [ app_end ] --START--
INFO: Run Behavior\ShowPageTraceBehavior [ RunTime:0.000596s ]
INFO: [ app_end ] --END-- [ RunTime:0.000645s ]

[ 2015-04-07T14:16:06+08:00 ] 127.0.0.1 /index.php/Admin/Basic/admin_add
INFO: [ app_init ] --START--
INFO: Run Behavior\BuildLiteBehavior [ RunTime:0.000016s ]
INFO: [ app_init ] --END-- [ RunTime:0.000665s ]
INFO: [ app_begin ] --START--
INFO: Run Behavior\ReadHtmlCacheBehavior [ RunTime:0.000533s ]
INFO: [ app_begin ] --END-- [ RunTime:0.000594s ]
SQL: SHOW COLUMNS FROM `m_role` [ RunTime:0.0064s ]
SQL: SELECT `id`,`name` FROM `m_role`  [ RunTime:0.0003s ]
INFO: [ view_parse ] --START--
INFO: [ template_filter ] --START--
INFO: Run Behavior\ContentReplaceBehavior [ RunTime:0.000073s ]
INFO: [ template_filter ] --END-- [ RunTime:0.000125s ]
INFO: Run Behavior\ParseTemplateBehavior [ RunTime:0.008581s ]
INFO: [ view_parse ] --END-- [ RunTime:0.008657s ]
INFO: [ view_filter ] --START--
INFO: Run Behavior\WriteHtmlCacheBehavior [ RunTime:0.000297s ]
INFO: [ view_filter ] --END-- [ RunTime:0.000343s ]
INFO: [ app_end ] --START--
INFO: Run Behavior\ShowPageTraceBehavior [ RunTime:0.000534s ]
INFO: [ app_end ] --END-- [ RunTime:0.000580s ]

[ 2015-04-07T14:16:07+08:00 ] 127.0.0.1 /index.php/Admin/Basic/admin_list
INFO: [ app_init ] --START--
INFO: Run Behavior\BuildLiteBehavior [ RunTime:0.000013s ]
INFO: [ app_init ] --END-- [ RunTime:0.000376s ]
INFO: [ app_begin ] --START--
INFO: Run Behavior\ReadHtmlCacheBehavior [ RunTime:0.000498s ]
INFO: [ app_begin ] --END-- [ RunTime:0.000552s ]
SQL: SHOW COLUMNS FROM `m_admin` [ RunTime:0.0070s ]
NOTIC: [8] Undefined offset: 0 D:\www\mythinkphp\ThinkPHP\Library\Think\CommonController.class.php 第 274 行.
NOTIC: [8] Undefined variable: having D:\www\mythinkphp\ThinkPHP\Library\Think\CommonController.class.php 第 282 行.
SQL: SELECT COUNT(*) AS tp_count FROM `m_admin` LIMIT 1   [ RunTime:0.0003s ]
SQL: SELECT * FROM `m_admin` WHERE ( is_admin=0 ) LIMIT 0,30   [ RunTime:0.0005s ]
INFO: [ view_parse ] --START--
INFO: [ template_filter ] --START--
INFO: Run Behavior\ContentReplaceBehavior [ RunTime:0.000081s ]
INFO: [ template_filter ] --END-- [ RunTime:0.000133s ]
NOTIC: [8] Undefined index: keyword D:\www\mythinkphp\Application\Runtime\Cache\Admin\2965c52baf7560935039492572643ef2.php 第 80 行.
INFO: Run Behavior\ParseTemplateBehavior [ RunTime:0.009315s ]
INFO: [ view_parse ] --END-- [ RunTime:0.009398s ]
INFO: [ view_filter ] --START--
INFO: Run Behavior\WriteHtmlCacheBehavior [ RunTime:0.000271s ]
INFO: [ view_filter ] --END-- [ RunTime:0.000314s ]
INFO: [ view_parse ] --START--
INFO: [ template_filter ] --START--
INFO: Run Behavior\ContentReplaceBehavior [ RunTime:0.000077s ]
INFO: [ template_filter ] --END-- [ RunTime:-0.005852s ]
NOTIC: [8] Undefined index: keyword D:\www\mythinkphp\Application\Runtime\Cache\Admin\2965c52baf7560935039492572643ef2.php 第 80 行.
INFO: Run Behavior\ParseTemplateBehavior [ RunTime:0.005244s ]
INFO: [ view_parse ] --END-- [ RunTime:-0.000491s ]
INFO: [ view_filter ] --START--
INFO: Run Behavior\WriteHtmlCacheBehavior [ RunTime:0.000011s ]
INFO: [ view_filter ] --END-- [ RunTime:-0.005472s ]
NOTIC: [2] Cannot modify header information - headers already sent by (output started at D:\www\mythinkphp\ThinkPHP\Library\Think\View.class.php:95) D:\www\mythinkphp\ThinkPHP\Library\Think\View.class.php 第 91 行.
NOTIC: [2] Cannot modify header information - headers already sent by (output started at D:\www\mythinkphp\ThinkPHP\Library\Think\View.class.php:95) D:\www\mythinkphp\ThinkPHP\Library\Think\View.class.php 第 92 行.
NOTIC: [2] Cannot modify header information - headers already sent by (output started at D:\www\mythinkphp\ThinkPHP\Library\Think\View.class.php:95) D:\www\mythinkphp\ThinkPHP\Library\Think\View.class.php 第 93 行.
INFO: [ app_end ] --START--
INFO: Run Behavior\ShowPageTraceBehavior [ RunTime:0.000533s ]
INFO: [ app_end ] --END-- [ RunTime:0.000613s ]

[ 2015-04-07T14:16:08+08:00 ] 127.0.0.1 /index.php/Admin/Basic/node_list
INFO: [ app_init ] --START--
INFO: Run Behavior\BuildLiteBehavior [ RunTime:0.000013s ]
INFO: [ app_init ] --END-- [ RunTime:0.000389s ]
INFO: [ app_begin ] --START--
INFO: Run Behavior\ReadHtmlCacheBehavior [ RunTime:0.000565s ]
INFO: [ app_begin ] --END-- [ RunTime:0.000636s ]
SQL: SHOW COLUMNS FROM `m_role` [ RunTime:0.0066s ]
NOTIC: [8] Undefined offset: 0 D:\www\mythinkphp\ThinkPHP\Library\Think\CommonController.class.php 第 274 行.
NOTIC: [8] Undefined variable: having D:\www\mythinkphp\ThinkPHP\Library\Think\CommonController.class.php 第 282 行.
SQL: SELECT COUNT(*) AS tp_count FROM `m_role` LIMIT 1   [ RunTime:0.0004s ]
SQL: SELECT `id`,`name`,`duty` FROM `m_role` WHERE ( 1=1 ) LIMIT 0,30   [ RunTime:0.0004s ]
INFO: [ view_parse ] --START--
INFO: [ template_filter ] --START--
INFO: Run Behavior\ContentReplaceBehavior [ RunTime:0.000072s ]
INFO: [ template_filter ] --END-- [ RunTime:0.000141s ]
NOTIC: [8] Undefined index: keyword D:\www\mythinkphp\Application\Runtime\Cache\Admin\f6f29da04b9562d650a89199427ab29b.php 第 80 行.
INFO: Run Behavior\ParseTemplateBehavior [ RunTime:0.008846s ]
INFO: [ view_parse ] --END-- [ RunTime:0.008917s ]
INFO: [ view_filter ] --START--
INFO: Run Behavior\WriteHtmlCacheBehavior [ RunTime:0.000281s ]
INFO: [ view_filter ] --END-- [ RunTime:0.000325s ]
INFO: [ app_end ] --START--
INFO: Run Behavior\ShowPageTraceBehavior [ RunTime:0.000606s ]
INFO: [ app_end ] --END-- [ RunTime:0.000658s ]

[ 2015-04-07T14:16:08+08:00 ] 127.0.0.1 /index.php/Admin/Basic/rolelist
INFO: [ app_init ] --START--
INFO: Run Behavior\BuildLiteBehavior [ RunTime:0.000013s ]
INFO: [ app_init ] --END-- [ RunTime:0.000403s ]
INFO: [ app_begin ] --START--
INFO: Run Behavior\ReadHtmlCacheBehavior [ RunTime:0.000514s ]
INFO: [ app_begin ] --END-- [ RunTime:0.000570s ]
SQL: SHOW COLUMNS FROM `m_role` [ RunTime:0.0066s ]
NOTIC: [8] Undefined offset: 0 D:\www\mythinkphp\ThinkPHP\Library\Think\CommonController.class.php 第 274 行.
NOTIC: [8] Undefined variable: having D:\www\mythinkphp\ThinkPHP\Library\Think\CommonController.class.php 第 282 行.
SQL: SELECT COUNT(*) AS tp_count FROM `m_role` LIMIT 1   [ RunTime:0.0003s ]
SQL: SELECT `name`,`id`,`duty` FROM `m_role` WHERE ( 1=1 ) LIMIT 0,30   [ RunTime:0.0004s ]
INFO: [ view_parse ] --START--
INFO: [ template_filter ] --START--
INFO: Run Behavior\ContentReplaceBehavior [ RunTime:0.000078s ]
INFO: [ template_filter ] --END-- [ RunTime:0.000157s ]
NOTIC: [8] Undefined index: keyword D:\www\mythinkphp\Application\Runtime\Cache\Admin\418e3a44c8d1e893de154443a9f7c105.php 第 80 行.
INFO: Run Behavior\ParseTemplateBehavior [ RunTime:0.009108s ]
INFO: [ view_parse ] --END-- [ RunTime:0.009171s ]
INFO: [ view_filter ] --START--
INFO: Run Behavior\WriteHtmlCacheBehavior [ RunTime:0.000275s ]
INFO: [ view_filter ] --END-- [ RunTime:0.000320s ]
INFO: [ app_end ] --START--
INFO: Run Behavior\ShowPageTraceBehavior [ RunTime:0.000532s ]
INFO: [ app_end ] --END-- [ RunTime:0.000626s ]

[ 2015-04-07T14:16:09+08:00 ] 127.0.0.1 /index.php/Admin/Basic/roleadd
INFO: [ app_init ] --START--
INFO: Run Behavior\BuildLiteBehavior [ RunTime:0.000023s ]
INFO: [ app_init ] --END-- [ RunTime:0.000444s ]
INFO: [ app_begin ] --START--
INFO: Run Behavior\ReadHtmlCacheBehavior [ RunTime:0.000531s ]
INFO: [ app_begin ] --END-- [ RunTime:0.000594s ]
INFO: [ view_parse ] --START--
INFO: [ template_filter ] --START--
INFO: Run Behavior\ContentReplaceBehavior [ RunTime:0.000067s ]
INFO: [ template_filter ] --END-- [ RunTime:0.000132s ]
INFO: Run Behavior\ParseTemplateBehavior [ RunTime:0.007627s ]
INFO: [ view_parse ] --END-- [ RunTime:0.007701s ]
INFO: [ view_filter ] --START--
INFO: Run Behavior\WriteHtmlCacheBehavior [ RunTime:0.000307s ]
INFO: [ view_filter ] --END-- [ RunTime:0.000354s ]
INFO: [ app_end ] --START--
INFO: Run Behavior\ShowPageTraceBehavior [ RunTime:0.000584s ]
INFO: [ app_end ] --END-- [ RunTime:0.000652s ]

[ 2015-04-07T14:16:10+08:00 ] 127.0.0.1 /index.php/Admin/Operate/index
INFO: [ app_init ] --START--
INFO: Run Behavior\BuildLiteBehavior [ RunTime:0.000014s ]
INFO: [ app_init ] --END-- [ RunTime:0.000379s ]
INFO: [ app_begin ] --START--
INFO: Run Behavior\ReadHtmlCacheBehavior [ RunTime:0.000500s ]
INFO: [ app_begin ] --END-- [ RunTime:0.000553s ]
ERR: SQLSTATE[42S02]: Base table or view not found: 1146 Table 'ddbj.m_area' doesn't exist

[ 2015-04-07T14:16:12+08:00 ] 127.0.0.1 /index.php/Admin/Module/index
INFO: [ app_init ] --START--
INFO: Run Behavior\BuildLiteBehavior [ RunTime:0.000015s ]
INFO: [ app_init ] --END-- [ RunTime:0.000397s ]
INFO: [ app_begin ] --START--
INFO: Run Behavior\ReadHtmlCacheBehavior [ RunTime:0.000511s ]
INFO: [ app_begin ] --END-- [ RunTime:0.000571s ]
NOTIC: [2048] Declaration of Admin\Controller\ModuleController::edit() should be compatible with that of Think\CommonController::edit() D:\www\mythinkphp\Application\Admin\Controller\ModuleController.class.php 第 8 行.
SQL: SHOW COLUMNS FROM `m_admin_module` [ RunTime:0.0067s ]
NOTIC: [8] Undefined offset: 0 D:\www\mythinkphp\ThinkPHP\Library\Think\CommonController.class.php 第 274 行.
NOTIC: [8] Undefined variable: having D:\www\mythinkphp\ThinkPHP\Library\Think\CommonController.class.php 第 282 行.
SQL: SELECT COUNT(*) AS tp_count FROM `m_admin_module` LIMIT 1   [ RunTime:0.0004s ]
SQL: SELECT * FROM `m_admin_module` WHERE ( 1=1 ) LIMIT 0,300   [ RunTime:0.0006s ]
INFO: [ view_parse ] --START--
INFO: [ template_filter ] --START--
INFO: Run Behavior\ContentReplaceBehavior [ RunTime:0.000084s ]
INFO: [ template_filter ] --END-- [ RunTime:0.000149s ]
NOTIC: [8] Undefined index: keyword D:\www\mythinkphp\Application\Runtime\Cache\Admin\a8f2d3e57319e1a26aecfa3d8255aac1.php 第 81 行.
INFO: Run Behavior\ParseTemplateBehavior [ RunTime:0.010134s ]
INFO: [ view_parse ] --END-- [ RunTime:0.010185s ]
INFO: [ view_filter ] --START--
INFO: Run Behavior\WriteHtmlCacheBehavior [ RunTime:0.000294s ]
INFO: [ view_filter ] --END-- [ RunTime:0.000338s ]
INFO: [ app_end ] --START--
INFO: Run Behavior\ShowPageTraceBehavior [ RunTime:0.000532s ]
INFO: [ app_end ] --END-- [ RunTime:0.000582s ]

[ 2015-04-07T14:16:18+08:00 ] 127.0.0.1 /index.php/Admin/Module/delete_one
INFO: [ app_init ] --START--
INFO: Run Behavior\BuildLiteBehavior [ RunTime:0.000048s ]
INFO: [ app_init ] --END-- [ RunTime:0.001419s ]
INFO: [ app_begin ] --START--
INFO: Run Behavior\ReadHtmlCacheBehavior [ RunTime:0.001124s ]
INFO: [ app_begin ] --END-- [ RunTime:0.001358s ]
NOTIC: [2048] Declaration of Admin\Controller\ModuleController::edit() should be compatible with that of Think\CommonController::edit() D:\www\mythinkphp\Application\Admin\Controller\ModuleController.class.php 第 8 行.
SQL: SHOW COLUMNS FROM `m_admin_module` [ RunTime:0.0191s ]
SQL: SELECT `id` FROM `m_admin_module` WHERE ( pid='42' )  [ RunTime:0.0006s ]
SQL: DELETE FROM `m_admin_module` WHERE `id` = 42 [ RunTime:0.0258s ]

[ 2015-04-07T14:16:19+08:00 ] 127.0.0.1 /index.php/Admin/Module/index
INFO: [ app_init ] --START--
INFO: Run Behavior\BuildLiteBehavior [ RunTime:0.000035s ]
INFO: [ app_init ] --END-- [ RunTime:0.000643s ]
INFO: [ app_begin ] --START--
INFO: Run Behavior\ReadHtmlCacheBehavior [ RunTime:0.000772s ]
INFO: [ app_begin ] --END-- [ RunTime:0.000902s ]
NOTIC: [2048] Declaration of Admin\Controller\ModuleController::edit() should be compatible with that of Think\CommonController::edit() D:\www\mythinkphp\Application\Admin\Controller\ModuleController.class.php 第 8 行.
SQL: SHOW COLUMNS FROM `m_admin_module` [ RunTime:0.0075s ]
NOTIC: [8] Undefined offset: 0 D:\www\mythinkphp\ThinkPHP\Library\Think\CommonController.class.php 第 274 行.
NOTIC: [8] Undefined variable: having D:\www\mythinkphp\ThinkPHP\Library\Think\CommonController.class.php 第 282 行.
SQL: SELECT COUNT(*) AS tp_count FROM `m_admin_module` LIMIT 1   [ RunTime:0.0003s ]
SQL: SELECT * FROM `m_admin_module` WHERE ( 1=1 ) LIMIT 0,300   [ RunTime:0.0005s ]
INFO: [ view_parse ] --START--
INFO: [ template_filter ] --START--
INFO: Run Behavior\ContentReplaceBehavior [ RunTime:0.000090s ]
INFO: [ template_filter ] --END-- [ RunTime:0.000157s ]
NOTIC: [8] Undefined index: keyword D:\www\mythinkphp\Application\Runtime\Cache\Admin\a8f2d3e57319e1a26aecfa3d8255aac1.php 第 81 行.
INFO: Run Behavior\ParseTemplateBehavior [ RunTime:0.010783s ]
INFO: [ view_parse ] --END-- [ RunTime:0.010837s ]
INFO: [ view_filter ] --START--
INFO: Run Behavior\WriteHtmlCacheBehavior [ RunTime:0.000373s ]
INFO: [ view_filter ] --END-- [ RunTime:0.000416s ]
INFO: [ app_end ] --START--
INFO: Run Behavior\ShowPageTraceBehavior [ RunTime:0.000608s ]
INFO: [ app_end ] --END-- [ RunTime:0.000662s ]

[ 2015-04-07T14:18:15+08:00 ] 127.0.0.1 /index.php/Admin/Module/index
INFO: [ app_init ] --START--
INFO: Run Behavior\BuildLiteBehavior [ RunTime:0.000014s ]
INFO: [ app_init ] --END-- [ RunTime:0.000463s ]
INFO: [ app_begin ] --START--
INFO: Run Behavior\ReadHtmlCacheBehavior [ RunTime:0.000597s ]
INFO: [ app_begin ] --END-- [ RunTime:0.000651s ]
NOTIC: [2048] Declaration of Admin\Controller\ModuleController::edit() should be compatible with that of Think\CommonController::edit() D:\www\mythinkphp\Application\Admin\Controller\ModuleController.class.php 第 8 行.
SQL: SHOW COLUMNS FROM `m_admin_module` [ RunTime:0.0069s ]
NOTIC: [8] Undefined offset: 0 D:\www\mythinkphp\ThinkPHP\Library\Think\CommonController.class.php 第 274 行.
NOTIC: [8] Undefined variable: having D:\www\mythinkphp\ThinkPHP\Library\Think\CommonController.class.php 第 282 行.
SQL: SELECT COUNT(*) AS tp_count FROM `m_admin_module` LIMIT 1   [ RunTime:0.0003s ]
SQL: SELECT * FROM `m_admin_module` WHERE ( 1=1 ) LIMIT 0,300   [ RunTime:0.0006s ]
INFO: [ view_parse ] --START--
INFO: [ template_filter ] --START--
INFO: Run Behavior\ContentReplaceBehavior [ RunTime:0.000084s ]
INFO: [ template_filter ] --END-- [ RunTime:0.000143s ]
NOTIC: [8] Undefined index: keyword D:\www\mythinkphp\Application\Runtime\Cache\Admin\a8f2d3e57319e1a26aecfa3d8255aac1.php 第 81 行.
INFO: Run Behavior\ParseTemplateBehavior [ RunTime:0.010259s ]
INFO: [ view_parse ] --END-- [ RunTime:0.010318s ]
INFO: [ view_filter ] --START--
INFO: Run Behavior\WriteHtmlCacheBehavior [ RunTime:0.000391s ]
INFO: [ view_filter ] --END-- [ RunTime:0.000437s ]
INFO: [ app_end ] --START--
INFO: Run Behavior\ShowPageTraceBehavior [ RunTime:0.000709s ]
INFO: [ app_end ] --END-- [ RunTime:0.000765s ]

[ 2015-04-07T14:18:21+08:00 ] 127.0.0.1 /index.php/Admin/Module/delete_one
INFO: [ app_init ] --START--
INFO: Run Behavior\BuildLiteBehavior [ RunTime:0.000017s ]
INFO: [ app_init ] --END-- [ RunTime:0.000508s ]
INFO: [ app_begin ] --START--
INFO: Run Behavior\ReadHtmlCacheBehavior [ RunTime:0.001482s ]
INFO: [ app_begin ] --END-- [ RunTime:0.001750s ]
NOTIC: [2048] Declaration of Admin\Controller\ModuleController::edit() should be compatible with that of Think\CommonController::edit() D:\www\mythinkphp\Application\Admin\Controller\ModuleController.class.php 第 8 行.
SQL: SHOW COLUMNS FROM `m_admin_module` [ RunTime:0.0169s ]
SQL: SELECT `id` FROM `m_admin_module` WHERE ( pid='41' )  [ RunTime:0.0012s ]
SQL: DELETE FROM `m_admin_module` WHERE `id` = 41 [ RunTime:0.0008s ]

[ 2015-04-07T14:18:22+08:00 ] 127.0.0.1 /index.php/Admin/Module/company_list
INFO: [ app_init ] --START--
INFO: Run Behavior\BuildLiteBehavior [ RunTime:0.000030s ]
INFO: [ app_init ] --END-- [ RunTime:0.000662s ]
INFO: [ app_begin ] --START--
INFO: Run Behavior\ReadHtmlCacheBehavior [ RunTime:0.000923s ]
INFO: [ app_begin ] --END-- [ RunTime:0.001105s ]
NOTIC: [2048] Declaration of Admin\Controller\ModuleController::edit() should be compatible with that of Think\CommonController::edit() D:\www\mythinkphp\Application\Admin\Controller\ModuleController.class.php 第 8 行.
ERR: 非法操作:company_list

[ 2015-04-07T14:19:14+08:00 ] 127.0.0.1 /index.php/Admin/Module/company_list
INFO: [ app_init ] --START--
INFO: Run Behavior\BuildLiteBehavior [ RunTime:0.000014s ]
INFO: [ app_init ] --END-- [ RunTime:0.000484s ]
INFO: [ app_begin ] --START--
INFO: Run Behavior\ReadHtmlCacheBehavior [ RunTime:0.000545s ]
INFO: [ app_begin ] --END-- [ RunTime:0.000602s ]
NOTIC: [2048] Declaration of Admin\Controller\ModuleController::edit() should be compatible with that of Think\CommonController::edit() D:\www\mythinkphp\Application\Admin\Controller\ModuleController.class.php 第 8 行.
ERR: 非法操作:company_list

[ 2015-04-07T14:19:16+08:00 ] 127.0.0.1 /index.php/Admin/Module/index
INFO: [ app_init ] --START--
INFO: Run Behavior\BuildLiteBehavior [ RunTime:0.000015s ]
INFO: [ app_init ] --END-- [ RunTime:0.000433s ]
INFO: [ app_begin ] --START--
INFO: Run Behavior\ReadHtmlCacheBehavior [ RunTime:0.000565s ]
INFO: [ app_begin ] --END-- [ RunTime:0.000636s ]
NOTIC: [2048] Declaration of Admin\Controller\ModuleController::edit() should be compatible with that of Think\CommonController::edit() D:\www\mythinkphp\Application\Admin\Controller\ModuleController.class.php 第 8 行.
SQL: SHOW COLUMNS FROM `m_admin_module` [ RunTime:0.0066s ]
NOTIC: [8] Undefined offset: 0 D:\www\mythinkphp\ThinkPHP\Library\Think\CommonController.class.php 第 274 行.
NOTIC: [8] Undefined variable: having D:\www\mythinkphp\ThinkPHP\Library\Think\CommonController.class.php 第 282 行.
SQL: SELECT COUNT(*) AS tp_count FROM `m_admin_module` LIMIT 1   [ RunTime:0.0003s ]
SQL: SELECT * FROM `m_admin_module` WHERE ( 1=1 ) LIMIT 0,300   [ RunTime:0.0006s ]
INFO: [ view_parse ] --START--
INFO: [ template_filter ] --START--
INFO: Run Behavior\ContentReplaceBehavior [ RunTime:0.000086s ]
INFO: [ template_filter ] --END-- [ RunTime:0.000149s ]
NOTIC: [8] Undefined index: keyword D:\www\mythinkphp\Application\Runtime\Cache\Admin\a8f2d3e57319e1a26aecfa3d8255aac1.php 第 81 行.
INFO: Run Behavior\ParseTemplateBehavior [ RunTime:0.010477s ]
INFO: [ view_parse ] --END-- [ RunTime:0.010532s ]
INFO: [ view_filter ] --START--
INFO: Run Behavior\WriteHtmlCacheBehavior [ RunTime:0.000373s ]
INFO: [ view_filter ] --END-- [ RunTime:0.000418s ]
INFO: [ app_end ] --START--
INFO: Run Behavior\ShowPageTraceBehavior [ RunTime:0.000666s ]
INFO: [ app_end ] --END-- [ RunTime:0.000729s ]

[ 2015-04-07T14:19:21+08:00 ] 127.0.0.1 /index.php/Admin/Module/delete_one
INFO: [ app_init ] --START--
INFO: Run Behavior\BuildLiteBehavior [ RunTime:0.000031s ]
INFO: [ app_init ] --END-- [ RunTime:0.000604s ]
INFO: [ app_begin ] --START--
INFO: Run Behavior\ReadHtmlCacheBehavior [ RunTime:0.001588s ]
INFO: [ app_begin ] --END-- [ RunTime:0.001777s ]
NOTIC: [2048] Declaration of Admin\Controller\ModuleController::edit() should be compatible with that of Think\CommonController::edit() D:\www\mythinkphp\Application\Admin\Controller\ModuleController.class.php 第 8 行.
SQL: SHOW COLUMNS FROM `m_admin_module` [ RunTime:0.0178s ]
SQL: SELECT `id` FROM `m_admin_module` WHERE ( pid='40' )  [ RunTime:0.0018s ]
SQL: DELETE FROM `m_admin_module` WHERE `id` = 40 [ RunTime:0.0011s ]

[ 2015-04-07T14:19:22+08:00 ] 127.0.0.1 /index.php/Admin/Module/index
INFO: [ app_init ] --START--
INFO: Run Behavior\BuildLiteBehavior [ RunTime:0.000018s ]
INFO: [ app_init ] --END-- [ RunTime:0.000480s ]
INFO: [ app_begin ] --START--
INFO: Run Behavior\ReadHtmlCacheBehavior [ RunTime:0.000690s ]
INFO: [ app_begin ] --END-- [ RunTime:0.000788s ]
NOTIC: [2048] Declaration of Admin\Controller\ModuleController::edit() should be compatible with that of Think\CommonController::edit() D:\www\mythinkphp\Application\Admin\Controller\ModuleController.class.php 第 8 行.
SQL: SHOW COLUMNS FROM `m_admin_module` [ RunTime:0.0177s ]
NOTIC: [8] Undefined offset: 0 D:\www\mythinkphp\ThinkPHP\Library\Think\CommonController.class.php 第 274 行.
NOTIC: [8] Undefined variable: having D:\www\mythinkphp\ThinkPHP\Library\Think\CommonController.class.php 第 282 行.
SQL: SELECT COUNT(*) AS tp_count FROM `m_admin_module` LIMIT 1   [ RunTime:0.0007s ]
SQL: SELECT * FROM `m_admin_module` WHERE ( 1=1 ) LIMIT 0,300   [ RunTime:0.0015s ]
INFO: [ view_parse ] --START--
INFO: [ template_filter ] --START--
INFO: Run Behavior\ContentReplaceBehavior [ RunTime:0.000145s ]
INFO: [ template_filter ] --END-- [ RunTime:0.000332s ]
NOTIC: [8] Undefined index: keyword D:\www\mythinkphp\Application\Runtime\Cache\Admin\a8f2d3e57319e1a26aecfa3d8255aac1.php 第 81 行.
INFO: Run Behavior\ParseTemplateBehavior [ RunTime:0.021729s ]
INFO: [ view_parse ] --END-- [ RunTime:0.021910s ]
INFO: [ view_filter ] --START--
INFO: Run Behavior\WriteHtmlCacheBehavior [ RunTime:0.000943s ]
INFO: [ view_filter ] --END-- [ RunTime:0.001042s ]
INFO: [ app_end ] --START--
INFO: Run Behavior\ShowPageTraceBehavior [ RunTime:0.001151s ]
INFO: [ app_end ] --END-- [ RunTime:0.001273s ]

[ 2015-04-07T14:19:26+08:00 ] 127.0.0.1 /index.php/Admin/Module/delete_one
INFO: [ app_init ] --START--
INFO: Run Behavior\BuildLiteBehavior [ RunTime:0.000035s ]
INFO: [ app_init ] --END-- [ RunTime:0.000655s ]
INFO: [ app_begin ] --START--
INFO: Run Behavior\ReadHtmlCacheBehavior [ RunTime:0.001137s ]
INFO: [ app_begin ] --END-- [ RunTime:0.001365s ]
NOTIC: [2048] Declaration of Admin\Controller\ModuleController::edit() should be compatible with that of Think\CommonController::edit() D:\www\mythinkphp\Application\Admin\Controller\ModuleController.class.php 第 8 行.
SQL: SHOW COLUMNS FROM `m_admin_module` [ RunTime:0.0180s ]
SQL: SELECT `id` FROM `m_admin_module` WHERE ( pid='29' )  [ RunTime:0.0012s ]
SQL: DELETE FROM `m_admin_module` WHERE `id` = 29 [ RunTime:0.0009s ]

[ 2015-04-07T14:19:33+08:00 ] 127.0.0.1 /index.php/Admin/Module/index
INFO: [ app_init ] --START--
INFO: Run Behavior\BuildLiteBehavior [ RunTime:0.000043s ]
INFO: [ app_init ] --END-- [ RunTime:0.000714s ]
INFO: [ app_begin ] --START--
INFO: Run Behavior\ReadHtmlCacheBehavior [ RunTime:0.000693s ]
INFO: [ app_begin ] --END-- [ RunTime:0.000761s ]
NOTIC: [2048] Declaration of Admin\Controller\ModuleController::edit() should be compatible with that of Think\CommonController::edit() D:\www\mythinkphp\Application\Admin\Controller\ModuleController.class.php 第 8 行.
SQL: SHOW COLUMNS FROM `m_admin_module` [ RunTime:0.0173s ]
NOTIC: [8] Undefined offset: 0 D:\www\mythinkphp\ThinkPHP\Library\Think\CommonController.class.php 第 274 行.
NOTIC: [8] Undefined variable: having D:\www\mythinkphp\ThinkPHP\Library\Think\CommonController.class.php 第 282 行.
SQL: SELECT COUNT(*) AS tp_count FROM `m_admin_module` LIMIT 1   [ RunTime:0.0035s ]
SQL: SELECT * FROM `m_admin_module` WHERE ( 1=1 ) LIMIT 0,300   [ RunTime:0.0013s ]
INFO: [ view_parse ] --START--
INFO: [ template_filter ] --START--
INFO: Run Behavior\ContentReplaceBehavior [ RunTime:0.000160s ]
INFO: [ template_filter ] --END-- [ RunTime:0.000383s ]
NOTIC: [8] Undefined index: keyword D:\www\mythinkphp\Application\Runtime\Cache\Admin\a8f2d3e57319e1a26aecfa3d8255aac1.php 第 81 行.
INFO: Run Behavior\ParseTemplateBehavior [ RunTime:0.019043s ]
INFO: [ view_parse ] --END-- [ RunTime:0.019254s ]
INFO: [ view_filter ] --START--
INFO: Run Behavior\WriteHtmlCacheBehavior [ RunTime:0.001663s ]
INFO: [ view_filter ] --END-- [ RunTime:0.001829s ]
INFO: [ app_end ] --START--
INFO: Run Behavior\ShowPageTraceBehavior [ RunTime:0.001298s ]
INFO: [ app_end ] --END-- [ RunTime:0.001538s ]

[ 2015-04-07T14:19:37+08:00 ] 127.0.0.1 /index.php/Admin/Basic/index
INFO: [ app_init ] --START--
INFO: Run Behavior\BuildLiteBehavior [ RunTime:0.000014s ]
INFO: [ app_init ] --END-- [ RunTime:0.000402s ]
INFO: [ app_begin ] --START--
INFO: Run Behavior\ReadHtmlCacheBehavior [ RunTime:0.000513s ]
INFO: [ app_begin ] --END-- [ RunTime:0.000571s ]
SQL: SHOW COLUMNS FROM `m_role` [ RunTime:0.0065s ]
NOTIC: [8] Undefined offset: 0 D:\www\mythinkphp\ThinkPHP\Library\Think\CommonController.class.php 第 274 行.
NOTIC: [8] Undefined variable: having D:\www\mythinkphp\ThinkPHP\Library\Think\CommonController.class.php 第 282 行.
SQL: SELECT COUNT(*) AS tp_count FROM `m_role` LIMIT 1   [ RunTime:0.0004s ]
SQL: SELECT `name`,`id`,`duty` FROM `m_role` WHERE ( 1=1 ) LIMIT 0,30   [ RunTime:0.0004s ]
INFO: [ view_parse ] --START--
INFO: [ template_filter ] --START--
INFO: Run Behavior\ContentReplaceBehavior [ RunTime:0.000080s ]
INFO: [ template_filter ] --END-- [ RunTime:0.000166s ]
NOTIC: [8] Undefined index: keyword D:\www\mythinkphp\Application\Runtime\Cache\Admin\bb97361d9e4731aec48331de29e1c4d1.php 第 80 行.
NOTIC: [8] Undefined index: status D:\www\mythinkphp\Application\Runtime\Cache\Admin\bb97361d9e4731aec48331de29e1c4d1.php 第 105 行.
NOTIC: [8] Undefined index: status D:\www\mythinkphp\Application\Runtime\Cache\Admin\bb97361d9e4731aec48331de29e1c4d1.php 第 105 行.
NOTIC: [8] Undefined index: status D:\www\mythinkphp\Application\Runtime\Cache\Admin\bb97361d9e4731aec48331de29e1c4d1.php 第 105 行.
NOTIC: [8] Undefined index: status D:\www\mythinkphp\Application\Runtime\Cache\Admin\bb97361d9e4731aec48331de29e1c4d1.php 第 105 行.
NOTIC: [8] Undefined index: status D:\www\mythinkphp\Application\Runtime\Cache\Admin\bb97361d9e4731aec48331de29e1c4d1.php 第 105 行.
NOTIC: [8] Undefined index: status D:\www\mythinkphp\Application\Runtime\Cache\Admin\bb97361d9e4731aec48331de29e1c4d1.php 第 105 行.
NOTIC: [8] Undefined index: status D:\www\mythinkphp\Application\Runtime\Cache\Admin\bb97361d9e4731aec48331de29e1c4d1.php 第 105 行.
INFO: Run Behavior\ParseTemplateBehavior [ RunTime:0.009257s ]
INFO: [ view_parse ] --END-- [ RunTime:0.009319s ]
INFO: [ view_filter ] --START--
INFO: Run Behavior\WriteHtmlCacheBehavior [ RunTime:0.000287s ]
INFO: [ view_filter ] --END-- [ RunTime:0.000330s ]
INFO: [ app_end ] --START--
INFO: Run Behavior\ShowPageTraceBehavior [ RunTime:0.000536s ]
INFO: [ app_end ] --END-- [ RunTime:0.000586s ]

[ 2015-04-07T14:19:38+08:00 ] 127.0.0.1 /index.php/Admin/Basic/admin_add
INFO: [ app_init ] --START--
INFO: Run Behavior\BuildLiteBehavior [ RunTime:0.000013s ]
INFO: [ app_init ] --END-- [ RunTime:0.000447s ]
INFO: [ app_begin ] --START--
INFO: Run Behavior\ReadHtmlCacheBehavior [ RunTime:0.000522s ]
INFO: [ app_begin ] --END-- [ RunTime:0.000599s ]
SQL: SHOW COLUMNS FROM `m_role` [ RunTime:0.0068s ]
SQL: SELECT `id`,`name` FROM `m_role`  [ RunTime:0.0005s ]
INFO: [ view_parse ] --START--
INFO: [ template_filter ] --START--
INFO: Run Behavior\ContentReplaceBehavior [ RunTime:0.000072s ]
INFO: [ template_filter ] --END-- [ RunTime:0.000125s ]
INFO: Run Behavior\ParseTemplateBehavior [ RunTime:0.008820s ]
INFO: [ view_parse ] --END-- [ RunTime:0.008877s ]
INFO: [ view_filter ] --START--
INFO: Run Behavior\WriteHtmlCacheBehavior [ RunTime:0.000284s ]
INFO: [ view_filter ] --END-- [ RunTime:0.000356s ]
INFO: [ app_end ] --START--
INFO: Run Behavior\ShowPageTraceBehavior [ RunTime:0.000606s ]
INFO: [ app_end ] --END-- [ RunTime:0.000654s ]

[ 2015-04-07T14:19:40+08:00 ] 127.0.0.1 /index.php/Admin/Operate/index
INFO: [ app_init ] --START--
INFO: Run Behavior\BuildLiteBehavior [ RunTime:0.000013s ]
INFO: [ app_init ] --END-- [ RunTime:0.000385s ]
INFO: [ app_begin ] --START--
INFO: Run Behavior\ReadHtmlCacheBehavior [ RunTime:0.000508s ]
INFO: [ app_begin ] --END-- [ RunTime:0.000567s ]
ERR: SQLSTATE[42S02]: Base table or view not found: 1146 Table 'ddbj.m_area' doesn't exist

[ 2015-04-07T14:19:43+08:00 ] 127.0.0.1 /index.php/Admin/Module/index
INFO: [ app_init ] --START--
INFO: Run Behavior\BuildLiteBehavior [ RunTime:0.000012s ]
INFO: [ app_init ] --END-- [ RunTime:0.000390s ]
INFO: [ app_begin ] --START--
INFO: Run Behavior\ReadHtmlCacheBehavior [ RunTime:0.000513s ]
INFO: [ app_begin ] --END-- [ RunTime:0.000571s ]
NOTIC: [2048] Declaration of Admin\Controller\ModuleController::edit() should be compatible with that of Think\CommonController::edit() D:\www\mythinkphp\Application\Admin\Controller\ModuleController.class.php 第 8 行.
SQL: SHOW COLUMNS FROM `m_admin_module` [ RunTime:0.0070s ]
NOTIC: [8] Undefined offset: 0 D:\www\mythinkphp\ThinkPHP\Library\Think\CommonController.class.php 第 274 行.
NOTIC: [8] Undefined variable: having D:\www\mythinkphp\ThinkPHP\Library\Think\CommonController.class.php 第 282 行.
SQL: SELECT COUNT(*) AS tp_count FROM `m_admin_module` LIMIT 1   [ RunTime:0.0003s ]
SQL: SELECT * FROM `m_admin_module` WHERE ( 1=1 ) LIMIT 0,300   [ RunTime:0.0005s ]
INFO: [ view_parse ] --START--
INFO: [ template_filter ] --START--
INFO: Run Behavior\ContentReplaceBehavior [ RunTime:0.000082s ]
INFO: [ template_filter ] --END-- [ RunTime:0.000163s ]
NOTIC: [8] Undefined index: keyword D:\www\mythinkphp\Application\Runtime\Cache\Admin\a8f2d3e57319e1a26aecfa3d8255aac1.php 第 81 行.
INFO: Run Behavior\ParseTemplateBehavior [ RunTime:0.009504s ]
INFO: [ view_parse ] --END-- [ RunTime:0.009585s ]
INFO: [ view_filter ] --START--
INFO: Run Behavior\WriteHtmlCacheBehavior [ RunTime:0.000273s ]
INFO: [ view_filter ] --END-- [ RunTime:0.000316s ]
INFO: [ app_end ] --START--
INFO: Run Behavior\ShowPageTraceBehavior [ RunTime:0.000567s ]
INFO: [ app_end ] --END-- [ RunTime:0.000635s ]

[ 2015-04-07T14:19:44+08:00 ] 127.0.0.1 /index.php/Admin/Module/add
INFO: [ app_init ] --START--
INFO: Run Behavior\BuildLiteBehavior [ RunTime:0.000013s ]
INFO: [ app_init ] --END-- [ RunTime:0.000392s ]
INFO: [ app_begin ] --START--
INFO: Run Behavior\ReadHtmlCacheBehavior [ RunTime:0.000508s ]
INFO: [ app_begin ] --END-- [ RunTime:0.000566s ]
NOTIC: [2048] Declaration of Admin\Controller\ModuleController::edit() should be compatible with that of Think\CommonController::edit() D:\www\mythinkphp\Application\Admin\Controller\ModuleController.class.php 第 8 行.
SQL: SHOW COLUMNS FROM `m_admin_module` [ RunTime:0.0072s ]
SQL: SELECT * FROM `m_admin_module`  [ RunTime:0.0006s ]
INFO: [ view_parse ] --START--
INFO: [ template_filter ] --START--
INFO: Run Behavior\ContentReplaceBehavior [ RunTime:0.000073s ]
INFO: [ template_filter ] --END-- [ RunTime:0.000130s ]
INFO: Run Behavior\ParseTemplateBehavior [ RunTime:0.008852s ]
INFO: [ view_parse ] --END-- [ RunTime:0.008946s ]
INFO: [ view_filter ] --START--
INFO: Run Behavior\WriteHtmlCacheBehavior [ RunTime:0.000324s ]
INFO: [ view_filter ] --END-- [ RunTime:0.000387s ]
INFO: [ app_end ] --START--
INFO: Run Behavior\ShowPageTraceBehavior [ RunTime:0.000531s ]
INFO: [ app_end ] --END-- [ RunTime:0.000580s ]

[ 2015-04-07T14:20:49+08:00 ] 127.0.0.1 /index.php/Admin/Module/add
INFO: [ app_init ] --START--
INFO: Run Behavior\BuildLiteBehavior [ RunTime:0.000016s ]
INFO: [ app_init ] --END-- [ RunTime:0.000470s ]
INFO: [ app_begin ] --START--
INFO: Run Behavior\ReadHtmlCacheBehavior [ RunTime:0.000629s ]
INFO: [ app_begin ] --END-- [ RunTime:0.000688s ]
NOTIC: [2048] Declaration of Admin\Controller\ModuleController::edit() should be compatible with that of Think\CommonController::edit() D:\www\mythinkphp\Application\Admin\Controller\ModuleController.class.php 第 8 行.
SQL: SHOW COLUMNS FROM `m_admin_module` [ RunTime:0.0071s ]
SQL: SELECT * FROM `m_admin_module`  [ RunTime:0.0006s ]
INFO: [ view_parse ] --START--
INFO: [ template_filter ] --START--
INFO: Run Behavior\ContentReplaceBehavior [ RunTime:0.000090s ]
INFO: [ template_filter ] --END-- [ RunTime:0.000178s ]
INFO: Run Behavior\ParseTemplateBehavior [ RunTime:0.009376s ]
INFO: [ view_parse ] --END-- [ RunTime:0.009448s ]
INFO: [ view_filter ] --START--
INFO: Run Behavior\WriteHtmlCacheBehavior [ RunTime:0.000369s ]
INFO: [ view_filter ] --END-- [ RunTime:0.000417s ]
INFO: [ app_end ] --START--
INFO: Run Behavior\ShowPageTraceBehavior [ RunTime:0.000600s ]
INFO: [ app_end ] --END-- [ RunTime:0.000647s ]

[ 2015-04-07T14:20:50+08:00 ] 127.0.0.1 /index.php/Admin/Basic/index
INFO: [ app_init ] --START--
INFO: Run Behavior\BuildLiteBehavior [ RunTime:0.000014s ]
INFO: [ app_init ] --END-- [ RunTime:0.000437s ]
INFO: [ app_begin ] --START--
INFO: Run Behavior\ReadHtmlCacheBehavior [ RunTime:0.000625s ]
INFO: [ app_begin ] --END-- [ RunTime:0.000685s ]
SQL: SHOW COLUMNS FROM `m_role` [ RunTime:0.0067s ]
NOTIC: [8] Undefined offset: 0 D:\www\mythinkphp\ThinkPHP\Library\Think\CommonController.class.php 第 274 行.
NOTIC: [8] Undefined variable: having D:\www\mythinkphp\ThinkPHP\Library\Think\CommonController.class.php 第 282 行.
SQL: SELECT COUNT(*) AS tp_count FROM `m_role` LIMIT 1   [ RunTime:0.0004s ]
SQL: SELECT `name`,`id`,`duty` FROM `m_role` WHERE ( 1=1 ) LIMIT 0,30   [ RunTime:0.0005s ]
INFO: [ view_parse ] --START--
INFO: [ template_filter ] --START--
INFO: Run Behavior\ContentReplaceBehavior [ RunTime:0.000094s ]
INFO: [ template_filter ] --END-- [ RunTime:0.000192s ]
NOTIC: [8] Undefined index: keyword D:\www\mythinkphp\Application\Runtime\Cache\Admin\bb97361d9e4731aec48331de29e1c4d1.php 第 80 行.
NOTIC: [8] Undefined index: status D:\www\mythinkphp\Application\Runtime\Cache\Admin\bb97361d9e4731aec48331de29e1c4d1.php 第 105 行.
NOTIC: [8] Undefined index: status D:\www\mythinkphp\Application\Runtime\Cache\Admin\bb97361d9e4731aec48331de29e1c4d1.php 第 105 行.
NOTIC: [8] Undefined index: status D:\www\mythinkphp\Application\Runtime\Cache\Admin\bb97361d9e4731aec48331de29e1c4d1.php 第 105 行.
NOTIC: [8] Undefined index: status D:\www\mythinkphp\Application\Runtime\Cache\Admin\bb97361d9e4731aec48331de29e1c4d1.php 第 105 行.
NOTIC: [8] Undefined index: status D:\www\mythinkphp\Application\Runtime\Cache\Admin\bb97361d9e4731aec48331de29e1c4d1.php 第 105 行.
NOTIC: [8] Undefined index: status D:\www\mythinkphp\Application\Runtime\Cache\Admin\bb97361d9e4731aec48331de29e1c4d1.php 第 105 行.
NOTIC: [8] Undefined index: status D:\www\mythinkphp\Application\Runtime\Cache\Admin\bb97361d9e4731aec48331de29e1c4d1.php 第 105 行.
INFO: Run Behavior\ParseTemplateBehavior [ RunTime:0.010360s ]
INFO: [ view_parse ] --END-- [ RunTime:0.010443s ]
INFO: [ view_filter ] --START--
INFO: Run Behavior\WriteHtmlCacheBehavior [ RunTime:0.000411s ]
INFO: [ view_filter ] --END-- [ RunTime:0.000455s ]
INFO: [ app_end ] --START--
INFO: Run Behavior\ShowPageTraceBehavior [ RunTime:0.000672s ]
INFO: [ app_end ] --END-- [ RunTime:0.000725s ]

[ 2015-04-07T14:20:52+08:00 ] 127.0.0.1 /index.php/Admin/Basic/siteadd
INFO: [ app_init ] --START--
INFO: Run Behavior\BuildLiteBehavior [ RunTime:0.000014s ]
INFO: [ app_init ] --END-- [ RunTime:0.000401s ]
INFO: [ app_begin ] --START--
INFO: Run Behavior\ReadHtmlCacheBehavior [ RunTime:0.000619s ]
INFO: [ app_begin ] --END-- [ RunTime:0.000694s ]
SQL: SHOW COLUMNS FROM `m_config` [ RunTime:0.0070s ]
SQL: SELECT * FROM `m_config` WHERE ( id=1 ) LIMIT 1   [ RunTime:0.0004s ]
INFO: [ view_parse ] --START--
INFO: [ template_filter ] --START--
INFO: Run Behavior\ContentReplaceBehavior [ RunTime:0.000096s ]
INFO: [ template_filter ] --END-- [ RunTime:0.000183s ]
INFO: Run Behavior\ParseTemplateBehavior [ RunTime:0.009104s ]
INFO: [ view_parse ] --END-- [ RunTime:0.009177s ]
INFO: [ view_filter ] --START--
INFO: Run Behavior\WriteHtmlCacheBehavior [ RunTime:0.000307s ]
INFO: [ view_filter ] --END-- [ RunTime:0.000351s ]
INFO: [ app_end ] --START--
INFO: Run Behavior\ShowPageTraceBehavior [ RunTime:0.000577s ]
INFO: [ app_end ] --END-- [ RunTime:0.000624s ]

[ 2015-04-07T14:20:54+08:00 ] 127.0.0.1 /index.php/Admin/Basic/roleadd
INFO: [ app_init ] --START--
INFO: Run Behavior\BuildLiteBehavior [ RunTime:0.000014s ]
INFO: [ app_init ] --END-- [ RunTime:0.000402s ]
INFO: [ app_begin ] --START--
INFO: Run Behavior\ReadHtmlCacheBehavior [ RunTime:0.000515s ]
INFO: [ app_begin ] --END-- [ RunTime:0.000571s ]
INFO: [ view_parse ] --START--
INFO: [ template_filter ] --START--
INFO: Run Behavior\ContentReplaceBehavior [ RunTime:0.000067s ]
INFO: [ template_filter ] --END-- [ RunTime:0.000128s ]
INFO: Run Behavior\ParseTemplateBehavior [ RunTime:0.007562s ]
INFO: [ view_parse ] --END-- [ RunTime:0.007644s ]
INFO: [ view_filter ] --START--
INFO: Run Behavior\WriteHtmlCacheBehavior [ RunTime:0.000303s ]
INFO: [ view_filter ] --END-- [ RunTime:0.000348s ]
INFO: [ app_end ] --START--
INFO: Run Behavior\ShowPageTraceBehavior [ RunTime:0.000518s ]
INFO: [ app_end ] --END-- [ RunTime:0.000564s ]

[ 2015-04-07T14:20:55+08:00 ] 127.0.0.1 /index.php/Admin/Basic/rolelist
INFO: [ app_init ] --START--
INFO: Run Behavior\BuildLiteBehavior [ RunTime:0.000013s ]
INFO: [ app_init ] --END-- [ RunTime:0.000393s ]
INFO: [ app_begin ] --START--
INFO: Run Behavior\ReadHtmlCacheBehavior [ RunTime:0.000515s ]
INFO: [ app_begin ] --END-- [ RunTime:0.000573s ]
SQL: SHOW COLUMNS FROM `m_role` [ RunTime:0.0066s ]
NOTIC: [8] Undefined offset: 0 D:\www\mythinkphp\ThinkPHP\Library\Think\CommonController.class.php 第 274 行.
NOTIC: [8] Undefined variable: having D:\www\mythinkphp\ThinkPHP\Library\Think\CommonController.class.php 第 282 行.
SQL: SELECT COUNT(*) AS tp_count FROM `m_role` LIMIT 1   [ RunTime:0.0003s ]
SQL: SELECT `name`,`id`,`duty` FROM `m_role` WHERE ( 1=1 ) LIMIT 0,30   [ RunTime:0.0005s ]
INFO: [ view_parse ] --START--
INFO: [ template_filter ] --START--
INFO: Run Behavior\ContentReplaceBehavior [ RunTime:0.000077s ]
INFO: [ template_filter ] --END-- [ RunTime:0.000139s ]
NOTIC: [8] Undefined index: keyword D:\www\mythinkphp\Application\Runtime\Cache\Admin\418e3a44c8d1e893de154443a9f7c105.php 第 80 行.
INFO: Run Behavior\ParseTemplateBehavior [ RunTime:0.009125s ]
INFO: [ view_parse ] --END-- [ RunTime:0.009230s ]
INFO: [ view_filter ] --START--
INFO: Run Behavior\WriteHtmlCacheBehavior [ RunTime:0.000282s ]
INFO: [ view_filter ] --END-- [ RunTime:0.000327s ]
INFO: [ app_end ] --START--
INFO: Run Behavior\ShowPageTraceBehavior [ RunTime:0.000563s ]
INFO: [ app_end ] --END-- [ RunTime:0.000616s ]

[ 2015-04-07T14:20:57+08:00 ] 127.0.0.1 /index.php/Admin/Basic/node_list
INFO: [ app_init ] --START--
INFO: Run Behavior\BuildLiteBehavior [ RunTime:0.000014s ]
INFO: [ app_init ] --END-- [ RunTime:0.000407s ]
INFO: [ app_begin ] --START--
INFO: Run Behavior\ReadHtmlCacheBehavior [ RunTime:0.000512s ]
INFO: [ app_begin ] --END-- [ RunTime:0.000567s ]
SQL: SHOW COLUMNS FROM `m_role` [ RunTime:0.0066s ]
NOTIC: [8] Undefined offset: 0 D:\www\mythinkphp\ThinkPHP\Library\Think\CommonController.class.php 第 274 行.
NOTIC: [8] Undefined variable: having D:\www\mythinkphp\ThinkPHP\Library\Think\CommonController.class.php 第 282 行.
SQL: SELECT COUNT(*) AS tp_count FROM `m_role` LIMIT 1   [ RunTime:0.0004s ]
SQL: SELECT `id`,`name`,`duty` FROM `m_role` WHERE ( 1=1 ) LIMIT 0,30   [ RunTime:0.0004s ]
INFO: [ view_parse ] --START--
INFO: [ template_filter ] --START--
INFO: Run Behavior\ContentReplaceBehavior [ RunTime:0.000090s ]
INFO: [ template_filter ] --END-- [ RunTime:0.000151s ]
NOTIC: [8] Undefined index: keyword D:\www\mythinkphp\Application\Runtime\Cache\Admin\f6f29da04b9562d650a89199427ab29b.php 第 80 行.
INFO: Run Behavior\ParseTemplateBehavior [ RunTime:0.008869s ]
INFO: [ view_parse ] --END-- [ RunTime:0.008943s ]
INFO: [ view_filter ] --START--
INFO: Run Behavior\WriteHtmlCacheBehavior [ RunTime:0.000308s ]
INFO: [ view_filter ] --END-- [ RunTime:0.000372s ]
INFO: [ app_end ] --START--
INFO: Run Behavior\ShowPageTraceBehavior [ RunTime:0.000536s ]
INFO: [ app_end ] --END-- [ RunTime:0.000609s ]

[ 2015-04-07T14:21:01+08:00 ] 127.0.0.1 /index.php/Admin/Basic/node_add/id/1
INFO: [ app_init ] --START--
INFO: Run Behavior\BuildLiteBehavior [ RunTime:0.000014s ]
INFO: [ app_init ] --END-- [ RunTime:0.000398s ]
INFO: [ app_begin ] --START--
INFO: Run Behavior\ReadHtmlCacheBehavior [ RunTime:0.000516s ]
INFO: [ app_begin ] --END-- [ RunTime:0.000576s ]
SQL: SHOW COLUMNS FROM `m_admin_module` [ RunTime:0.0069s ]
SQL: SELECT `id`,`name`,`title`,`pid` FROM `m_admin_module` WHERE ( status=1 ) ORDER BY sort DESC  [ RunTime:0.0006s ]
SQL: SHOW COLUMNS FROM `m_module` [ RunTime:0.0062s ]
NOTIC: [8] Undefined offset: 0 D:\www\mythinkphp\ThinkPHP\Library\Think\CommonController.class.php 第 245 行.
SQL: SELECT `id`,`module_id` FROM `m_module` WHERE ( role_id='1' )  [ RunTime:0.0005s ]
INFO: [ view_parse ] --START--
INFO: [ template_filter ] --START--
INFO: Run Behavior\ContentReplaceBehavior [ RunTime:0.000099s ]
INFO: [ template_filter ] --END-- [ RunTime:0.000167s ]
INFO: Run Behavior\ParseTemplateBehavior [ RunTime:0.013806s ]
INFO: [ view_parse ] --END-- [ RunTime:0.013905s ]
INFO: [ view_filter ] --START--
INFO: Run Behavior\WriteHtmlCacheBehavior [ RunTime:0.000302s ]
INFO: [ view_filter ] --END-- [ RunTime:0.000347s ]
INFO: [ app_end ] --START--
INFO: Run Behavior\ShowPageTraceBehavior [ RunTime:0.000543s ]
INFO: [ app_end ] --END-- [ RunTime:0.000593s ]

[ 2015-04-07T14:21:02+08:00 ] 127.0.0.1 /index.php/Admin/Basic/admin_list
INFO: [ app_init ] --START--
INFO: Run Behavior\BuildLiteBehavior [ RunTime:0.000014s ]
INFO: [ app_init ] --END-- [ RunTime:0.000402s ]
INFO: [ app_begin ] --START--
INFO: Run Behavior\ReadHtmlCacheBehavior [ RunTime:0.000506s ]
INFO: [ app_begin ] --END-- [ RunTime:0.000564s ]
SQL: SHOW COLUMNS FROM `m_admin` [ RunTime:0.0067s ]
NOTIC: [8] Undefined offset: 0 D:\www\mythinkphp\ThinkPHP\Library\Think\CommonController.class.php 第 274 行.
NOTIC: [8] Undefined variable: having D:\www\mythinkphp\ThinkPHP\Library\Think\CommonController.class.php 第 282 行.
SQL: SELECT COUNT(*) AS tp_count FROM `m_admin` LIMIT 1   [ RunTime:0.0004s ]
SQL: SELECT * FROM `m_admin` WHERE ( is_admin=0 ) LIMIT 0,30   [ RunTime:0.0006s ]
INFO: [ view_parse ] --START--
INFO: [ template_filter ] --START--
INFO: Run Behavior\ContentReplaceBehavior [ RunTime:0.000108s ]
INFO: [ template_filter ] --END-- [ RunTime:0.000162s ]
NOTIC: [8] Undefined index: keyword D:\www\mythinkphp\Application\Runtime\Cache\Admin\2965c52baf7560935039492572643ef2.php 第 80 行.
INFO: Run Behavior\ParseTemplateBehavior [ RunTime:0.009592s ]
INFO: [ view_parse ] --END-- [ RunTime:0.009655s ]
INFO: [ view_filter ] --START--
INFO: Run Behavior\WriteHtmlCacheBehavior [ RunTime:0.000311s ]
INFO: [ view_filter ] --END-- [ RunTime:0.000358s ]
INFO: [ view_parse ] --START--
INFO: [ template_filter ] --START--
INFO: Run Behavior\ContentReplaceBehavior [ RunTime:0.000096s ]
INFO: [ template_filter ] --END-- [ RunTime:-0.006087s ]
NOTIC: [8] Undefined index: keyword D:\www\mythinkphp\Application\Runtime\Cache\Admin\2965c52baf7560935039492572643ef2.php 第 80 行.
INFO: Run Behavior\ParseTemplateBehavior [ RunTime:0.005439s ]
INFO: [ view_parse ] --END-- [ RunTime:-0.000513s ]
INFO: [ view_filter ] --START--
INFO: Run Behavior\WriteHtmlCacheBehavior [ RunTime:0.000011s ]
INFO: [ view_filter ] --END-- [ RunTime:-0.005648s ]
NOTIC: [2] Cannot modify header information - headers already sent by (output started at D:\www\mythinkphp\ThinkPHP\Library\Think\View.class.php:95) D:\www\mythinkphp\ThinkPHP\Library\Think\View.class.php 第 91 行.
NOTIC: [2] Cannot modify header information - headers already sent by (output started at D:\www\mythinkphp\ThinkPHP\Library\Think\View.class.php:95) D:\www\mythinkphp\ThinkPHP\Library\Think\View.class.php 第 92 行.
NOTIC: [2] Cannot modify header information - headers already sent by (output started at D:\www\mythinkphp\ThinkPHP\Library\Think\View.class.php:95) D:\www\mythinkphp\ThinkPHP\Library\Think\View.class.php 第 93 行.
INFO: [ app_end ] --START--
INFO: Run Behavior\ShowPageTraceBehavior [ RunTime:0.000619s ]
INFO: [ app_end ] --END-- [ RunTime:0.000675s ]

[ 2015-04-07T14:21:06+08:00 ] 127.0.0.1 /index.php/Admin/Basic/admin_add
INFO: [ app_init ] --START--
INFO: Run Behavior\BuildLiteBehavior [ RunTime:0.000015s ]
INFO: [ app_init ] --END-- [ RunTime:0.000399s ]
INFO: [ app_begin ] --START--
INFO: Run Behavior\ReadHtmlCacheBehavior [ RunTime:0.000514s ]
INFO: [ app_begin ] --END-- [ RunTime:0.000567s ]
SQL: SHOW COLUMNS FROM `m_role` [ RunTime:0.0066s ]
SQL: SELECT `id`,`name` FROM `m_role`  [ RunTime:0.0003s ]
INFO: [ view_parse ] --START--
INFO: [ template_filter ] --START--
INFO: Run Behavior\ContentReplaceBehavior [ RunTime:0.000073s ]
INFO: [ template_filter ] --END-- [ RunTime:0.000130s ]
INFO: Run Behavior\ParseTemplateBehavior [ RunTime:0.008978s ]
INFO: [ view_parse ] --END-- [ RunTime:0.009041s ]
INFO: [ view_filter ] --START--
INFO: Run Behavior\WriteHtmlCacheBehavior [ RunTime:0.000287s ]
INFO: [ view_filter ] --END-- [ RunTime:0.000334s ]
INFO: [ app_end ] --START--
INFO: Run Behavior\ShowPageTraceBehavior [ RunTime:0.000524s ]
INFO: [ app_end ] --END-- [ RunTime:0.000571s ]

[ 2015-04-07T14:21:08+08:00 ] 127.0.0.1 /index.php/Admin/Basic/admin_add
INFO: [ app_init ] --START--
INFO: Run Behavior\BuildLiteBehavior [ RunTime:0.000013s ]
INFO: [ app_init ] --END-- [ RunTime:0.000399s ]
INFO: [ app_begin ] --START--
INFO: Run Behavior\ReadHtmlCacheBehavior [ RunTime:0.000514s ]
INFO: [ app_begin ] --END-- [ RunTime:0.000573s ]
SQL: SHOW COLUMNS FROM `m_role` [ RunTime:0.0068s ]
SQL: SELECT `id`,`name` FROM `m_role`  [ RunTime:0.0005s ]
INFO: [ view_parse ] --START--
INFO: [ template_filter ] --START--
INFO: Run Behavior\ContentReplaceBehavior [ RunTime:0.000072s ]
INFO: [ template_filter ] --END-- [ RunTime:0.000130s ]
INFO: Run Behavior\ParseTemplateBehavior [ RunTime:0.008718s ]
INFO: [ view_parse ] --END-- [ RunTime:0.008776s ]
INFO: [ view_filter ] --START--
INFO: Run Behavior\WriteHtmlCacheBehavior [ RunTime:0.000277s ]
INFO: [ view_filter ] --END-- [ RunTime:0.000326s ]
INFO: [ app_end ] --START--
INFO: Run Behavior\ShowPageTraceBehavior [ RunTime:0.000544s ]
INFO: [ app_end ] --END-- [ RunTime:0.000593s ]

[ 2015-04-07T14:21:09+08:00 ] 127.0.0.1 /index.php/Admin/Basic/admin_list
INFO: [ app_init ] --START--
INFO: Run Behavior\BuildLiteBehavior [ RunTime:0.000014s ]
INFO: [ app_init ] --END-- [ RunTime:0.000403s ]
INFO: [ app_begin ] --START--
INFO: Run Behavior\ReadHtmlCacheBehavior [ RunTime:0.000643s ]
INFO: [ app_begin ] --END-- [ RunTime:0.000700s ]
SQL: SHOW COLUMNS FROM `m_admin` [ RunTime:0.0069s ]
NOTIC: [8] Undefined offset: 0 D:\www\mythinkphp\ThinkPHP\Library\Think\CommonController.class.php 第 274 行.
NOTIC: [8] Undefined variable: having D:\www\mythinkphp\ThinkPHP\Library\Think\CommonController.class.php 第 282 行.
SQL: SELECT COUNT(*) AS tp_count FROM `m_admin` LIMIT 1   [ RunTime:0.0003s ]
SQL: SELECT * FROM `m_admin` WHERE ( is_admin=0 ) LIMIT 0,30   [ RunTime:0.0005s ]
INFO: [ view_parse ] --START--
INFO: [ template_filter ] --START--
INFO: Run Behavior\ContentReplaceBehavior [ RunTime:0.000088s ]
INFO: [ template_filter ] --END-- [ RunTime:0.000143s ]
NOTIC: [8] Undefined index: keyword D:\www\mythinkphp\Application\Runtime\Cache\Admin\2965c52baf7560935039492572643ef2.php 第 80 行.
INFO: Run Behavior\ParseTemplateBehavior [ RunTime:0.009457s ]
INFO: [ view_parse ] --END-- [ RunTime:0.009524s ]
INFO: [ view_filter ] --START--
INFO: Run Behavior\WriteHtmlCacheBehavior [ RunTime:0.000299s ]
INFO: [ view_filter ] --END-- [ RunTime:0.000342s ]
INFO: [ view_parse ] --START--
INFO: [ template_filter ] --START--
INFO: Run Behavior\ContentReplaceBehavior [ RunTime:0.000144s ]
INFO: [ template_filter ] --END-- [ RunTime:-0.005937s ]
NOTIC: [8] Undefined index: keyword D:\www\mythinkphp\Application\Runtime\Cache\Admin\2965c52baf7560935039492572643ef2.php 第 80 行.
INFO: Run Behavior\ParseTemplateBehavior [ RunTime:0.005529s ]
INFO: [ view_parse ] --END-- [ RunTime:-0.000481s ]
INFO: [ view_filter ] --START--
INFO: Run Behavior\WriteHtmlCacheBehavior [ RunTime:0.000011s ]
INFO: [ view_filter ] --END-- [ RunTime:-0.005716s ]
NOTIC: [2] Cannot modify header information - headers already sent by (output started at D:\www\mythinkphp\ThinkPHP\Library\Think\View.class.php:95) D:\www\mythinkphp\ThinkPHP\Library\Think\View.class.php 第 91 行.
NOTIC: [2] Cannot modify header information - headers already sent by (output started at D:\www\mythinkphp\ThinkPHP\Library\Think\View.class.php:95) D:\www\mythinkphp\ThinkPHP\Library\Think\View.class.php 第 92 行.
NOTIC: [2] Cannot modify header information - headers already sent by (output started at D:\www\mythinkphp\ThinkPHP\Library\Think\View.class.php:95) D:\www\mythinkphp\ThinkPHP\Library\Think\View.class.php 第 93 行.
INFO: [ app_end ] --START--
INFO: Run Behavior\ShowPageTraceBehavior [ RunTime:0.000600s ]
INFO: [ app_end ] --END-- [ RunTime:0.000652s ]

[ 2015-04-07T14:21:11+08:00 ] 127.0.0.1 /index.php/Admin/Basic/admin_edit/id/8
INFO: [ app_init ] --START--
INFO: Run Behavior\BuildLiteBehavior [ RunTime:0.000013s ]
INFO: [ app_init ] --END-- [ RunTime:0.000404s ]
INFO: [ app_begin ] --START--
INFO: Run Behavior\ReadHtmlCacheBehavior [ RunTime:0.000513s ]
INFO: [ app_begin ] --END-- [ RunTime:0.000605s ]
SQL: SHOW COLUMNS FROM `m_role` [ RunTime:0.0069s ]
SQL: SELECT `id`,`name` FROM `m_role`  [ RunTime:0.0004s ]
SQL: SHOW COLUMNS FROM `m_admin` [ RunTime:0.0067s ]
SQL: SELECT * FROM `m_admin` WHERE ( id='8' ) LIMIT 1   [ RunTime:0.0005s ]
INFO: [ view_parse ] --START--
INFO: [ template_filter ] --START--
INFO: Run Behavior\ContentReplaceBehavior [ RunTime:0.000108s ]
INFO: [ template_filter ] --END-- [ RunTime:0.000166s ]
INFO: Run Behavior\ParseTemplateBehavior [ RunTime:0.009738s ]
INFO: [ view_parse ] --END-- [ RunTime:0.009808s ]
INFO: [ view_filter ] --START--
INFO: Run Behavior\WriteHtmlCacheBehavior [ RunTime:0.000283s ]
INFO: [ view_filter ] --END-- [ RunTime:0.000328s ]
INFO: [ app_end ] --START--
INFO: Run Behavior\ShowPageTraceBehavior [ RunTime:0.000563s ]
INFO: [ app_end ] --END-- [ RunTime:0.000610s ]

[ 2015-04-07T14:21:14+08:00 ] 127.0.0.1 /index.php/Admin/Operate/index
INFO: [ app_init ] --START--
INFO: Run Behavior\BuildLiteBehavior [ RunTime:0.000015s ]
INFO: [ app_init ] --END-- [ RunTime:0.000509s ]
INFO: [ app_begin ] --START--
INFO: Run Behavior\ReadHtmlCacheBehavior [ RunTime:0.000618s ]
INFO: [ app_begin ] --END-- [ RunTime:0.000695s ]
ERR: SQLSTATE[42S02]: Base table or view not found: 1146 Table 'ddbj.m_area' doesn't exist

[ 2015-04-07T14:21:18+08:00 ] 127.0.0.1 /index.php/Admin/Public/logout
INFO: [ app_init ] --START--
INFO: Run Behavior\BuildLiteBehavior [ RunTime:0.000031s ]
INFO: [ app_init ] --END-- [ RunTime:0.000742s ]
INFO: [ app_begin ] --START--
INFO: Run Behavior\ReadHtmlCacheBehavior [ RunTime:0.001294s ]
INFO: [ app_begin ] --END-- [ RunTime:0.001510s ]

[ 2015-04-07T14:21:18+08:00 ] 127.0.0.1 /index.php/Admin/Public/login
INFO: [ app_init ] --START--
INFO: Run Behavior\BuildLiteBehavior [ RunTime:0.000073s ]
INFO: [ app_init ] --END-- [ RunTime:0.000997s ]
INFO: [ app_begin ] --START--
INFO: Run Behavior\ReadHtmlCacheBehavior [ RunTime:0.001265s ]
INFO: [ app_begin ] --END-- [ RunTime:0.001534s ]
INFO: [ view_parse ] --START--
INFO: [ template_filter ] --START--
INFO: Run Behavior\ContentReplaceBehavior [ RunTime:0.000403s ]
INFO: [ template_filter ] --END-- [ RunTime:0.000645s ]
INFO: Run Behavior\ParseTemplateBehavior [ RunTime:0.011889s ]
INFO: [ view_parse ] --END-- [ RunTime:0.012180s ]
INFO: [ view_filter ] --START--
INFO: Run Behavior\WriteHtmlCacheBehavior [ RunTime:0.001411s ]
INFO: [ view_filter ] --END-- [ RunTime:0.001588s ]
INFO: [ app_end ] --START--
INFO: Run Behavior\ShowPageTraceBehavior [ RunTime:0.001270s ]
INFO: [ app_end ] --END-- [ RunTime:0.001443s ]

[ 2015-04-07T14:21:18+08:00 ] 127.0.0.1 /index.php/Admin/Public/verify
INFO: [ app_init ] --START--
INFO: Run Behavior\BuildLiteBehavior [ RunTime:0.000026s ]
INFO: [ app_init ] --END-- [ RunTime:0.000537s ]
INFO: [ app_begin ] --START--
INFO: Run Behavior\ReadHtmlCacheBehavior [ RunTime:0.000592s ]
INFO: [ app_begin ] --END-- [ RunTime:0.000691s ]
INFO: [ app_end ] --START--
INFO: Run Behavior\ShowPageTraceBehavior [ RunTime:0.000640s ]
INFO: [ app_end ] --END-- [ RunTime:0.000755s ]

[ 2015-04-07T14:21:20+08:00 ] 127.0.0.1 /index.php/Admin/Public/verify/0.6053149565123022
INFO: [ app_init ] --START--
INFO: Run Behavior\BuildLiteBehavior [ RunTime:0.000014s ]
INFO: [ app_init ] --END-- [ RunTime:0.000399s ]
INFO: [ app_begin ] --START--
INFO: Run Behavior\ReadHtmlCacheBehavior [ RunTime:0.000515s ]
INFO: [ app_begin ] --END-- [ RunTime:0.000570s ]
INFO: [ app_end ] --START--
INFO: Run Behavior\ShowPageTraceBehavior [ RunTime:0.000546s ]
INFO: [ app_end ] --END-- [ RunTime:0.000615s ]

[ 2015-04-07T14:21:21+08:00 ] 127.0.0.1 /index.php/Admin/Public/verify/0.8295967613812536
INFO: [ app_init ] --START--
INFO: Run Behavior\BuildLiteBehavior [ RunTime:0.000014s ]
INFO: [ app_init ] --END-- [ RunTime:0.000379s ]
INFO: [ app_begin ] --START--
INFO: Run Behavior\ReadHtmlCacheBehavior [ RunTime:0.000495s ]
INFO: [ app_begin ] --END-- [ RunTime:0.000549s ]
INFO: [ app_end ] --START--
INFO: Run Behavior\ShowPageTraceBehavior [ RunTime:0.000751s ]
INFO: [ app_end ] --END-- [ RunTime:0.000868s ]

[ 2015-04-07T14:21:25+08:00 ] 127.0.0.1 /index.php/Admin/Public/checkLogin/
INFO: [ app_init ] --START--
INFO: Run Behavior\BuildLiteBehavior [ RunTime:0.000013s ]
INFO: [ app_init ] --END-- [ RunTime:0.000504s ]
INFO: [ app_begin ] --START--
INFO: Run Behavior\ReadHtmlCacheBehavior [ RunTime:0.000494s ]
INFO: [ app_begin ] --END-- [ RunTime:0.000548s ]
SQL: SHOW COLUMNS FROM `m_admin` [ RunTime:0.0069s ]
SQL: SELECT * FROM `m_admin` WHERE `phone` = '123456' AND `is_lock` = 1 LIMIT 1   [ RunTime:0.0005s ]
NOTIC: [8] Undefined index: job D:\www\mythinkphp\Application\Admin\Controller\PublicController.class.php 第 78 行.
SQL: SHOW COLUMNS FROM `m_admin` [ RunTime:0.0063s ]
SQL: UPDATE `m_admin` SET `login_time`='1428387685',`login_count`=login_count+1,`login_ip`='2130706433' WHERE `id` = 1 [ RunTime:0.0003s ]
NOTIC: [8] Undefined property: Think\Db\Driver\Mysql::$isTrans D:\www\mythinkphp\ThinkPHP\Library\Think\CommonController.class.php 第 590 行.
NOTIC: [8] Use of undefined constant __URL__ - assumed '__URL__' D:\www\mythinkphp\ThinkPHP\Library\Think\CommonController.class.php 第 591 行.
SQL: SHOW COLUMNS FROM `m_admin_module` [ RunTime:0.0064s ]
SQL: SELECT `id`,`name`,`title`,`pid`,`is_view`,`o_level` FROM `m_admin_module` WHERE ( status=1 ) ORDER BY sort DESC,id ASC  [ RunTime:0.0006s ]

[ 2015-04-07T14:21:25+08:00 ] 127.0.0.1 /index.php/Admin/Index
INFO: [ app_init ] --START--
INFO: Run Behavior\BuildLiteBehavior [ RunTime:0.000014s ]
INFO: [ app_init ] --END-- [ RunTime:0.000427s ]
INFO: [ app_begin ] --START--
INFO: Run Behavior\ReadHtmlCacheBehavior [ RunTime:0.000572s ]
INFO: [ app_begin ] --END-- [ RunTime:0.000649s ]
INFO: [ view_parse ] --START--
INFO: [ template_filter ] --START--
INFO: Run Behavior\ContentReplaceBehavior [ RunTime:0.000071s ]
INFO: [ template_filter ] --END-- [ RunTime:0.000130s ]
INFO: Run Behavior\ParseTemplateBehavior [ RunTime:0.010212s ]
INFO: [ view_parse ] --END-- [ RunTime:0.010270s ]
INFO: [ view_filter ] --START--
INFO: Run Behavior\WriteHtmlCacheBehavior [ RunTime:0.000323s ]
INFO: [ view_filter ] --END-- [ RunTime:0.000372s ]
INFO: [ app_end ] --START--
INFO: Run Behavior\ShowPageTraceBehavior [ RunTime:0.000559s ]
INFO: [ app_end ] --END-- [ RunTime:0.000607s ]

[ 2015-04-07T14:21:26+08:00 ] 127.0.0.1 /index.php/Admin/Basic/index
INFO: [ app_init ] --START--
INFO: Run Behavior\BuildLiteBehavior [ RunTime:0.000014s ]
INFO: [ app_init ] --END-- [ RunTime:0.000397s ]
INFO: [ app_begin ] --START--
INFO: Run Behavior\ReadHtmlCacheBehavior [ RunTime:0.000514s ]
INFO: [ app_begin ] --END-- [ RunTime:0.000570s ]
SQL: SHOW COLUMNS FROM `m_role` [ RunTime:0.0070s ]
NOTIC: [8] Undefined offset: 0 D:\www\mythinkphp\ThinkPHP\Library\Think\CommonController.class.php 第 274 行.
NOTIC: [8] Undefined variable: having D:\www\mythinkphp\ThinkPHP\Library\Think\CommonController.class.php 第 282 行.
SQL: SELECT COUNT(*) AS tp_count FROM `m_role` LIMIT 1   [ RunTime:0.0003s ]
SQL: SELECT `name`,`id`,`duty` FROM `m_role` WHERE ( 1=1 ) LIMIT 0,30   [ RunTime:0.0004s ]
INFO: [ view_parse ] --START--
INFO: [ template_filter ] --START--
INFO: Run Behavior\ContentReplaceBehavior [ RunTime:0.000124s ]
INFO: [ template_filter ] --END-- [ RunTime:0.000193s ]
NOTIC: [8] Undefined index: keyword D:\www\mythinkphp\Application\Runtime\Cache\Admin\bb97361d9e4731aec48331de29e1c4d1.php 第 80 行.
NOTIC: [8] Undefined index: status D:\www\mythinkphp\Application\Runtime\Cache\Admin\bb97361d9e4731aec48331de29e1c4d1.php 第 105 行.
NOTIC: [8] Undefined index: status D:\www\mythinkphp\Application\Runtime\Cache\Admin\bb97361d9e4731aec48331de29e1c4d1.php 第 105 行.
NOTIC: [8] Undefined index: status D:\www\mythinkphp\Application\Runtime\Cache\Admin\bb97361d9e4731aec48331de29e1c4d1.php 第 105 行.
NOTIC: [8] Undefined index: status D:\www\mythinkphp\Application\Runtime\Cache\Admin\bb97361d9e4731aec48331de29e1c4d1.php 第 105 行.
NOTIC: [8] Undefined index: status D:\www\mythinkphp\Application\Runtime\Cache\Admin\bb97361d9e4731aec48331de29e1c4d1.php 第 105 行.
NOTIC: [8] Undefined index: status D:\www\mythinkphp\Application\Runtime\Cache\Admin\bb97361d9e4731aec48331de29e1c4d1.php 第 105 行.
NOTIC: [8] Undefined index: status D:\www\mythinkphp\Application\Runtime\Cache\Admin\bb97361d9e4731aec48331de29e1c4d1.php 第 105 行.
INFO: Run Behavior\ParseTemplateBehavior [ RunTime:0.009436s ]
INFO: [ view_parse ] --END-- [ RunTime:0.009500s ]
INFO: [ view_filter ] --START--
INFO: Run Behavior\WriteHtmlCacheBehavior [ RunTime:0.000282s ]
INFO: [ view_filter ] --END-- [ RunTime:0.000325s ]
INFO: [ app_end ] --START--
INFO: Run Behavior\ShowPageTraceBehavior [ RunTime:0.000635s ]
INFO: [ app_end ] --END-- [ RunTime:0.000691s ]

[ 2015-04-07T14:21:27+08:00 ] 127.0.0.1 /index.php/Admin/Module/index
INFO: [ app_init ] --START--
INFO: Run Behavior\BuildLiteBehavior [ RunTime:0.000014s ]
INFO: [ app_init ] --END-- [ RunTime:0.000396s ]
INFO: [ app_begin ] --START--
INFO: Run Behavior\ReadHtmlCacheBehavior [ RunTime:0.000518s ]
INFO: [ app_begin ] --END-- [ RunTime:0.000577s ]
NOTIC: [2048] Declaration of Admin\Controller\ModuleController::edit() should be compatible with that of Think\CommonController::edit() D:\www\mythinkphp\Application\Admin\Controller\ModuleController.class.php 第 8 行.
SQL: SHOW COLUMNS FROM `m_admin_module` [ RunTime:0.0068s ]
NOTIC: [8] Undefined offset: 0 D:\www\mythinkphp\ThinkPHP\Library\Think\CommonController.class.php 第 274 行.
NOTIC: [8] Undefined variable: having D:\www\mythinkphp\ThinkPHP\Library\Think\CommonController.class.php 第 282 行.
SQL: SELECT COUNT(*) AS tp_count FROM `m_admin_module` LIMIT 1   [ RunTime:0.0003s ]
SQL: SELECT * FROM `m_admin_module` WHERE ( 1=1 ) LIMIT 0,300   [ RunTime:0.0006s ]
INFO: [ view_parse ] --START--
INFO: [ template_filter ] --START--
INFO: Run Behavior\ContentReplaceBehavior [ RunTime:0.000082s ]
INFO: [ template_filter ] --END-- [ RunTime:0.000142s ]
NOTIC: [8] Undefined index: keyword D:\www\mythinkphp\Application\Runtime\Cache\Admin\a8f2d3e57319e1a26aecfa3d8255aac1.php 第 81 行.
INFO: Run Behavior\ParseTemplateBehavior [ RunTime:0.009321s ]
INFO: [ view_parse ] --END-- [ RunTime:0.009385s ]
INFO: [ view_filter ] --START--
INFO: Run Behavior\WriteHtmlCacheBehavior [ RunTime:0.000277s ]
INFO: [ view_filter ] --END-- [ RunTime:0.000321s ]
INFO: [ app_end ] --START--
INFO: Run Behavior\ShowPageTraceBehavior [ RunTime:0.000568s ]
INFO: [ app_end ] --END-- [ RunTime:0.000621s ]

[ 2015-04-07T14:21:27+08:00 ] 127.0.0.1 /index.php/Admin/Index/index
INFO: [ app_init ] --START--
INFO: Run Behavior\BuildLiteBehavior [ RunTime:0.000017s ]
INFO: [ app_init ] --END-- [ RunTime:0.000408s ]
INFO: [ app_begin ] --START--
INFO: Run Behavior\ReadHtmlCacheBehavior [ RunTime:0.000502s ]
INFO: [ app_begin ] --END-- [ RunTime:0.000557s ]
INFO: [ view_parse ] --START--
INFO: [ template_filter ] --START--
INFO: Run Behavior\ContentReplaceBehavior [ RunTime:0.000086s ]
INFO: [ template_filter ] --END-- [ RunTime:0.000164s ]
INFO: Run Behavior\ParseTemplateBehavior [ RunTime:0.010495s ]
INFO: [ view_parse ] --END-- [ RunTime:0.010567s ]
INFO: [ view_filter ] --START--
INFO: Run Behavior\WriteHtmlCacheBehavior [ RunTime:0.000301s ]
INFO: [ view_filter ] --END-- [ RunTime:0.000346s ]
INFO: [ app_end ] --START--
INFO: Run Behavior\ShowPageTraceBehavior [ RunTime:0.000550s ]
INFO: [ app_end ] --END-- [ RunTime:0.000597s ]

[ 2015-04-07T14:21:28+08:00 ] 127.0.0.1 /index.php/Admin/Basic/admin_add
INFO: [ app_init ] --START--
INFO: Run Behavior\BuildLiteBehavior [ RunTime:0.000014s ]
INFO: [ app_init ] --END-- [ RunTime:0.000525s ]
INFO: [ app_begin ] --START--
INFO: Run Behavior\ReadHtmlCacheBehavior [ RunTime:0.000513s ]
INFO: [ app_begin ] --END-- [ RunTime:0.000572s ]
SQL: SHOW COLUMNS FROM `m_role` [ RunTime:0.0067s ]
SQL: SELECT `id`,`name` FROM `m_role`  [ RunTime:0.0004s ]
INFO: [ view_parse ] --START--
INFO: [ template_filter ] --START--
INFO: Run Behavior\ContentReplaceBehavior [ RunTime:0.000072s ]
INFO: [ template_filter ] --END-- [ RunTime:0.000132s ]
INFO: Run Behavior\ParseTemplateBehavior [ RunTime:0.008675s ]
INFO: [ view_parse ] --END-- [ RunTime:0.008783s ]
INFO: [ view_filter ] --START--
INFO: Run Behavior\WriteHtmlCacheBehavior [ RunTime:0.000330s ]
INFO: [ view_filter ] --END-- [ RunTime:0.000375s ]
INFO: [ app_end ] --START--
INFO: Run Behavior\ShowPageTraceBehavior [ RunTime:0.000669s ]
INFO: [ app_end ] --END-- [ RunTime:0.000745s ]

[ 2015-04-07T14:21:29+08:00 ] 127.0.0.1 /index.php/Admin/Index/index
INFO: [ app_init ] --START--
INFO: Run Behavior\BuildLiteBehavior [ RunTime:0.000013s ]
INFO: [ app_init ] --END-- [ RunTime:0.000404s ]
INFO: [ app_begin ] --START--
INFO: Run Behavior\ReadHtmlCacheBehavior [ RunTime:0.000516s ]
INFO: [ app_begin ] --END-- [ RunTime:0.000575s ]
INFO: [ view_parse ] --START--
INFO: [ template_filter ] --START--
INFO: Run Behavior\ContentReplaceBehavior [ RunTime:0.000075s ]
INFO: [ template_filter ] --END-- [ RunTime:0.000161s ]
INFO: Run Behavior\ParseTemplateBehavior [ RunTime:0.010209s ]
INFO: [ view_parse ] --END-- [ RunTime:0.010276s ]
INFO: [ view_filter ] --START--
INFO: Run Behavior\WriteHtmlCacheBehavior [ RunTime:0.000290s ]
INFO: [ view_filter ] --END-- [ RunTime:0.000335s ]
INFO: [ app_end ] --START--
INFO: Run Behavior\ShowPageTraceBehavior [ RunTime:0.000531s ]
INFO: [ app_end ] --END-- [ RunTime:0.000580s ]

[ 2015-04-07T14:21:30+08:00 ] 127.0.0.1 /index.php/Admin/Basic/node_list
INFO: [ app_init ] --START--
INFO: Run Behavior\BuildLiteBehavior [ RunTime:0.000014s ]
INFO: [ app_init ] --END-- [ RunTime:0.000379s ]
INFO: [ app_begin ] --START--
INFO: Run Behavior\ReadHtmlCacheBehavior [ RunTime:0.000541s ]
INFO: [ app_begin ] --END-- [ RunTime:0.000593s ]
SQL: SHOW COLUMNS FROM `m_role` [ RunTime:0.0066s ]
NOTIC: [8] Undefined offset: 0 D:\www\mythinkphp\ThinkPHP\Library\Think\CommonController.class.php 第 274 行.
NOTIC: [8] Undefined variable: having D:\www\mythinkphp\ThinkPHP\Library\Think\CommonController.class.php 第 282 行.
SQL: SELECT COUNT(*) AS tp_count FROM `m_role` LIMIT 1   [ RunTime:0.0003s ]
SQL: SELECT `id`,`name`,`duty` FROM `m_role` WHERE ( 1=1 ) LIMIT 0,30   [ RunTime:0.0004s ]
INFO: [ view_parse ] --START--
INFO: [ template_filter ] --START--
INFO: Run Behavior\ContentReplaceBehavior [ RunTime:0.000073s ]
INFO: [ template_filter ] --END-- [ RunTime:0.000164s ]
NOTIC: [8] Undefined index: keyword D:\www\mythinkphp\Application\Runtime\Cache\Admin\f6f29da04b9562d650a89199427ab29b.php 第 80 行.
INFO: Run Behavior\ParseTemplateBehavior [ RunTime:0.009137s ]
INFO: [ view_parse ] --END-- [ RunTime:0.009233s ]
INFO: [ view_filter ] --START--
INFO: Run Behavior\WriteHtmlCacheBehavior [ RunTime:0.000286s ]
INFO: [ view_filter ] --END-- [ RunTime:0.000335s ]
INFO: [ app_end ] --START--
INFO: Run Behavior\ShowPageTraceBehavior [ RunTime:0.000554s ]
INFO: [ app_end ] --END-- [ RunTime:0.000624s ]

[ 2015-04-07T14:21:31+08:00 ] 127.0.0.1 /index.php/Admin/Index/index
INFO: [ app_init ] --START--
INFO: Run Behavior\BuildLiteBehavior [ RunTime:0.000015s ]
INFO: [ app_init ] --END-- [ RunTime:0.000393s ]
INFO: [ app_begin ] --START--
INFO: Run Behavior\ReadHtmlCacheBehavior [ RunTime:0.000514s ]
INFO: [ app_begin ] --END-- [ RunTime:0.000574s ]
INFO: [ view_parse ] --START--
INFO: [ template_filter ] --START--
INFO: Run Behavior\ContentReplaceBehavior [ RunTime:0.000078s ]
INFO: [ template_filter ] --END-- [ RunTime:0.000145s ]
INFO: Run Behavior\ParseTemplateBehavior [ RunTime:0.010202s ]
INFO: [ view_parse ] --END-- [ RunTime:0.010264s ]
INFO: [ view_filter ] --START--
INFO: Run Behavior\WriteHtmlCacheBehavior [ RunTime:0.000294s ]
INFO: [ view_filter ] --END-- [ RunTime:0.000337s ]
INFO: [ app_end ] --START--
INFO: Run Behavior\ShowPageTraceBehavior [ RunTime:0.000532s ]
INFO: [ app_end ] --END-- [ RunTime:0.000579s ]

[ 2015-04-07T14:21:32+08:00 ] 127.0.0.1 /index.php/Admin/Basic/rolelist
INFO: [ app_init ] --START--
INFO: Run Behavior\BuildLiteBehavior [ RunTime:0.000013s ]
INFO: [ app_init ] --END-- [ RunTime:0.000380s ]
INFO: [ app_begin ] --START--
INFO: Run Behavior\ReadHtmlCacheBehavior [ RunTime:0.000506s ]
INFO: [ app_begin ] --END-- [ RunTime:0.000562s ]
SQL: SHOW COLUMNS FROM `m_role` [ RunTime:0.0064s ]
NOTIC: [8] Undefined offset: 0 D:\www\mythinkphp\ThinkPHP\Library\Think\CommonController.class.php 第 274 行.
NOTIC: [8] Undefined variable: having D:\www\mythinkphp\ThinkPHP\Library\Think\CommonController.class.php 第 282 行.
SQL: SELECT COUNT(*) AS tp_count FROM `m_role` LIMIT 1   [ RunTime:0.0003s ]
SQL: SELECT `name`,`id`,`duty` FROM `m_role` WHERE ( 1=1 ) LIMIT 0,30   [ RunTime:0.0005s ]
INFO: [ view_parse ] --START--
INFO: [ template_filter ] --START--
INFO: Run Behavior\ContentReplaceBehavior [ RunTime:0.000076s ]
INFO: [ template_filter ] --END-- [ RunTime:0.000145s ]
NOTIC: [8] Undefined index: keyword D:\www\mythinkphp\Application\Runtime\Cache\Admin\418e3a44c8d1e893de154443a9f7c105.php 第 80 行.
INFO: Run Behavior\ParseTemplateBehavior [ RunTime:0.009558s ]
INFO: [ view_parse ] --END-- [ RunTime:0.009665s ]
INFO: [ view_filter ] --START--
INFO: Run Behavior\WriteHtmlCacheBehavior [ RunTime:0.000288s ]
INFO: [ view_filter ] --END-- [ RunTime:0.000332s ]
INFO: [ app_end ] --START--
INFO: Run Behavior\ShowPageTraceBehavior [ RunTime:0.000532s ]
INFO: [ app_end ] --END-- [ RunTime:0.000583s ]

[ 2015-04-07T14:21:33+08:00 ] 127.0.0.1 /index.php/Admin/Index/index
INFO: [ app_init ] --START--
INFO: Run Behavior\BuildLiteBehavior [ RunTime:0.000014s ]
INFO: [ app_init ] --END-- [ RunTime:0.000398s ]
INFO: [ app_begin ] --START--
INFO: Run Behavior\ReadHtmlCacheBehavior [ RunTime:0.000512s ]
INFO: [ app_begin ] --END-- [ RunTime:0.000571s ]
INFO: [ view_parse ] --START--
INFO: [ template_filter ] --START--
INFO: Run Behavior\ContentReplaceBehavior [ RunTime:0.000075s ]
INFO: [ template_filter ] --END-- [ RunTime:0.000136s ]
INFO: Run Behavior\ParseTemplateBehavior [ RunTime:0.010158s ]
INFO: [ view_parse ] --END-- [ RunTime:0.010220s ]
INFO: [ view_filter ] --START--
INFO: Run Behavior\WriteHtmlCacheBehavior [ RunTime:0.000290s ]
INFO: [ view_filter ] --END-- [ RunTime:0.000335s ]
INFO: [ app_end ] --START--
INFO: Run Behavior\ShowPageTraceBehavior [ RunTime:0.000526s ]
INFO: [ app_end ] --END-- [ RunTime:0.000572s ]

[ 2015-04-07T14:21:34+08:00 ] 127.0.0.1 /index.php/Admin/Module/index
INFO: [ app_init ] --START--
INFO: Run Behavior\BuildLiteBehavior [ RunTime:0.000013s ]
INFO: [ app_init ] --END-- [ RunTime:0.000379s ]
INFO: [ app_begin ] --START--
INFO: Run Behavior\ReadHtmlCacheBehavior [ RunTime:0.000567s ]
INFO: [ app_begin ] --END-- [ RunTime:0.000671s ]
NOTIC: [2048] Declaration of Admin\Controller\ModuleController::edit() should be compatible with that of Think\CommonController::edit() D:\www\mythinkphp\Application\Admin\Controller\ModuleController.class.php 第 8 行.
SQL: SHOW COLUMNS FROM `m_admin_module` [ RunTime:0.0069s ]
NOTIC: [8] Undefined offset: 0 D:\www\mythinkphp\ThinkPHP\Library\Think\CommonController.class.php 第 274 行.
NOTIC: [8] Undefined variable: having D:\www\mythinkphp\ThinkPHP\Library\Think\CommonController.class.php 第 282 行.
SQL: SELECT COUNT(*) AS tp_count FROM `m_admin_module` LIMIT 1   [ RunTime:0.0004s ]
SQL: SELECT * FROM `m_admin_module` WHERE ( 1=1 ) LIMIT 0,300   [ RunTime:0.0006s ]
INFO: [ view_parse ] --START--
INFO: [ template_filter ] --START--
INFO: Run Behavior\ContentReplaceBehavior [ RunTime:0.000092s ]
INFO: [ template_filter ] --END-- [ RunTime:0.000157s ]
NOTIC: [8] Undefined index: keyword D:\www\mythinkphp\Application\Runtime\Cache\Admin\a8f2d3e57319e1a26aecfa3d8255aac1.php 第 81 行.
INFO: Run Behavior\ParseTemplateBehavior [ RunTime:0.009606s ]
INFO: [ view_parse ] --END-- [ RunTime:0.009691s ]
INFO: [ view_filter ] --START--
INFO: Run Behavior\WriteHtmlCacheBehavior [ RunTime:0.000279s ]
INFO: [ view_filter ] --END-- [ RunTime:0.000322s ]
INFO: [ app_end ] --START--
INFO: Run Behavior\ShowPageTraceBehavior [ RunTime:0.000566s ]
INFO: [ app_end ] --END-- [ RunTime:0.000616s ]

